#
# A fatal error has been detected by the Java Runtime Environment:
#
#  EXCEPTION_ACCESS_VIOLATION (0xc0000005) at pc=0x000000018000c274, pid=22884, tid=12780
#
# JRE version: Java(TM) SE Runtime Environment (17.0.12+8) (build 17.0.12+8-LTS-286)
# Java VM: Java HotSpot(TM) 64-Bit Server VM (17.0.12+8-LTS-286, mixed mode, sharing, tiered, compressed oops, compressed class ptrs, g1 gc, windows-amd64)
# Problematic frame:
# C  [ASProxy64.dll+0xc274]
#
# No core dump will be written. Minidumps are not enabled by default on client versions of Windows
#
# If you would like to submit a bug report, please visit:
#   https://bugreport.java.com/bugreport/crash.jsp
# The crash happened outside the Java Virtual Machine in native code.
# See problematic frame for where to report the bug.
#

---------------  S U M M A R Y ------------

Command Line: -XX:+ShowCodeDetailsInExceptionMessages com.example.restservice.RestServiceApplication

Host: 12th Gen Intel(R) Core(TM) i5-12500, 12 cores, 15G,  Windows 11 , 64 bit Build 26100 (10.0.26100.4202)
Time: Fri Aug 22 17:32:50 2025 Eastern Daylight Time elapsed time: 1.678432 seconds (0d 0h 0m 1s)

---------------  T H R E A D  ---------------

Current thread (0x0000000003361360):  JavaThread "main" [_thread_in_native, id=12780, stack(0x00000000029e0000,0x0000000002ae0000)]

Stack: [0x00000000029e0000,0x0000000002ae0000],  sp=0x0000000002ade900,  free space=1018k
Native frames: (J=compiled Java code, j=interpreted, Vv=VM code, C=native code)
C  [ASProxy64.dll+0xc274]

Java frames: (J=compiled Java code, j=interpreted, Vv=VM code)
j  sun.nio.ch.WEPoll.ctl(JIJI)I+0 java.base@17.0.12
j  sun.nio.ch.WEPollSelectorImpl.<init>(Ljava/nio/channels/spi/SelectorProvider;)V+138 java.base@17.0.12
j  sun.nio.ch.WEPollSelectorProvider.openSelector()Ljava/nio/channels/spi/AbstractSelector;+5 java.base@17.0.12
j  java.nio.channels.Selector.open()Ljava/nio/channels/Selector;+3 java.base@17.0.12
j  org.apache.tomcat.util.net.NioEndpoint$Poller.<init>(Lorg/apache/tomcat/util/net/NioEndpoint;)V+48
j  org.apache.tomcat.util.net.NioEndpoint.startInternal()V+145
j  org.apache.tomcat.util.net.AbstractEndpoint.start()V+22
j  org.apache.coyote.AbstractProtocol.start()V+49
j  org.apache.catalina.connector.Connector.startInternal()V+111
j  org.apache.catalina.util.LifecycleBase.start()V+210
j  org.apache.catalina.core.StandardService.addConnector(Lorg/apache/catalina/connector/Connector;)V+91
j  org.springframework.boot.web.embedded.tomcat.TomcatWebServer.addPreviouslyRemovedConnectors()V+84
j  org.springframework.boot.web.embedded.tomcat.TomcatWebServer.start()V+18
j  org.springframework.boot.web.servlet.context.WebServerStartStopLifecycle.start()V+4
j  org.springframework.context.support.DefaultLifecycleProcessor.doStart(Ljava/util/Map;Ljava/lang/String;Z)V+136
j  org.springframework.context.support.DefaultLifecycleProcessor$LifecycleGroup.start()V+94
j  org.springframework.context.support.DefaultLifecycleProcessor$$Lambda$712+0x000000002839c000.accept(Ljava/lang/Object;)V+4
j  java.lang.Iterable.forEach(Ljava/util/function/Consumer;)V+30 java.base@17.0.12
j  org.springframework.context.support.DefaultLifecycleProcessor.startBeans(Z)V+48
j  org.springframework.context.support.DefaultLifecycleProcessor.onRefresh()V+37
j  org.springframework.context.support.AbstractApplicationContext.finishRefresh()V+16
j  org.springframework.context.support.AbstractApplicationContext.refresh()V+98
j  org.springframework.boot.web.servlet.context.ServletWebServerApplicationContext.refresh()V+1
j  org.springframework.boot.SpringApplication.refresh(Lorg/springframework/context/ConfigurableApplicationContext;)V+1
j  org.springframework.boot.SpringApplication.refreshContext(Lorg/springframework/context/ConfigurableApplicationContext;)V+16
j  org.springframework.boot.SpringApplication.run([Ljava/lang/String;)Lorg/springframework/context/ConfigurableApplicationContext;+110
j  org.springframework.boot.SpringApplication.run([Ljava/lang/Class;[Ljava/lang/String;)Lorg/springframework/context/ConfigurableApplicationContext;+9
j  org.springframework.boot.SpringApplication.run(Ljava/lang/Class;[Ljava/lang/String;)Lorg/springframework/context/ConfigurableApplicationContext;+9
j  com.example.restservice.RestServiceApplication.main([Ljava/lang/String;)V+3
v  ~StubRoutines::call_stub

siginfo: EXCEPTION_ACCESS_VIOLATION (0xc0000005), reading address 0x000000000000083c


Registers:
RAX=0x0000000000000000, RBX=0x00000000707ec838, RCX=0x0000000000000840, RDX=0x0000000000000002
RSP=0x0000000002ade900, RBP=0x000000000000083c, RSI=0x000000006eb9e980, RDI=0x000000000000083c
R8 =0x7ffffffffffffffc, R9 =0x0000000000000000, R10=0x0000000000000840, R11=0x000000000064ab20
R12=0x0000000002adeb40, R13=0x0000000000000854, R14=0x000000006eb9e950, R15=0x0000000000000854
RIP=0x000000018000c274, EFLAGS=0x0000000000010246


Register to memory mapping:

RIP=0x000000018000c274 ASProxy64.dll
RAX=0x0 is NULL
RBX=0x00000000707ec838 points into unknown readable memory: 0x0000000000000000 | 00 00 00 00 00 00 00 00
RCX=0x0000000000000840 is an unknown value
RDX=0x0000000000000002 is an unknown value
RSP=0x0000000002ade900 is pointing into the stack for thread: 0x0000000003361360
RBP=0x000000000000083c is an unknown value
RSI=0x000000006eb9e980 points into unknown readable memory: 0x000000006eb9e980 | 80 e9 b9 6e 00 00 00 00
RDI=0x000000000000083c is an unknown value
R8 =0x7ffffffffffffffc is an unknown value
R9 =0x0 is NULL
R10=0x0000000000000840 is an unknown value
R11=0x000000000064ab20 points into unknown readable memory: 0x0000000000000007 | 07 00 00 00 00 00 00 00
R12=0x0000000002adeb40 is pointing into the stack for thread: 0x0000000003361360
R13=0x0000000000000854 is an unknown value
R14=0x000000006eb9e950 points into unknown readable memory: 0x000000000000083c | 3c 08 00 00 00 00 00 00
R15=0x0000000000000854 is an unknown value


Top of Stack: (sp=0x0000000002ade900)
0x0000000002ade900:   0000000000000000 0000000000000000
0x0000000002ade910:   000000000000083c 000000018001f4c2
0x0000000002ade920:   0000000180065ec8 0000000000002736
0x0000000002ade930:   0000000000000001 0000000000000840
0x0000000002ade940:   000000000000083c 000000018000c506
0x0000000002ade950:   00000000707ec838 0000000000002736
0x0000000002ade960:   0000000000000000 0000000000000008
0x0000000002ade970:   000000000000001e 0000000000000000
0x0000000002ade980:   000000000000083c 0000000000000000
0x0000000002ade990:   0000000000000001 0000000000000000
0x0000000002ade9a0:   000000000000083c 00007ffd2f3a7716
0x0000000002ade9b0:   0000000000000840 0000000000000802
0x0000000002ade9c0:   000000006eb9e980 0000000000000000
0x0000000002ade9d0:   0000000000000000 0000000000000000
0x0000000002ade9e0:   0000000000000003 0000000000000001
0x0000000002ade9f0:   0000000000000000 0000000000000000 

Instructions: (pc=0x000000018000c274)
0x000000018000c174:   70 48 8b 6c 24 78 32 c0 48 83 c4 50 41 5c c3 cc
0x000000018000c184:   cc cc cc cc cc cc cc cc cc cc cc cc 48 85 c9 74
0x000000018000c194:   23 8b 05 ad ff 06 00 89 01 8b 05 a9 ff 06 00 89
0x000000018000c1a4:   41 04 8b 05 a4 ff 06 00 89 41 08 8b 05 9f ff 06
0x000000018000c1b4:   00 89 41 0c f3 c3 cc cc cc cc cc cc c6 01 01 c7
0x000000018000c1c4:   02 01 00 00 00 c3 cc cc cc cc cc cc 48 89 5c 24
0x000000018000c1d4:   08 57 48 83 ec 70 48 8b fa 8b d9 48 8d 15 82 73
0x000000018000c1e4:   05 00 48 8d 4c 24 20 45 33 c0 48 c7 44 24 40 0f
0x000000018000c1f4:   00 00 00 48 c7 44 24 38 00 00 00 00 c6 44 24 28
0x000000018000c204:   00 e8 d6 6b ff ff 4c 8d 4c 24 20 48 8d 4c 24 48
0x000000018000c214:   41 b0 01 8b d3 e8 52 06 02 00 48 83 78 20 10 72
0x000000018000c224:   06 48 8b 48 08 eb 05 48 8d 48 08 90 0f b6 01 48
0x000000018000c234:   ff c7 48 ff c1 88 47 ff 84 c0 75 f0 48 83 7c 24
0x000000018000c244:   68 10 72 0a 48 8b 4c 24 50 e8 52 94 03 00 48 8b
0x000000018000c254:   9c 24 80 00 00 00 48 83 c4 70 5f c3 48 83 ec 48
0x000000018000c264:   0f b6 c2 0f 57 c0 0f 11 44 24 ff 25 00 00 00 00
0x000000018000c274:   ae 7e c3 69 fd 7f 00 00 8b 44 24 04 0f af 04 24
0x000000018000c284:   89 04 24 8b 44 24 04 0f af 04 24 83 c0 01 89 04
0x000000018000c294:   24 8b 44 24 04 0f af 04 24 83 c0 02 89 04 24 8b
0x000000018000c2a4:   44 24 04 0f af 04 24 83 c0 03 89 04 24 8b 44 24
0x000000018000c2b4:   04 0f af 04 24 83 c0 04 89 04 24 8b 44 24 04 0f
0x000000018000c2c4:   af 04 24 83 c0 05 89 04 24 8b 44 24 04 0f af 04
0x000000018000c2d4:   24 83 c0 06 89 04 24 8b 44 24 04 0f af 04 24 83
0x000000018000c2e4:   c0 07 89 04 24 8b 44 24 04 0f af 04 24 83 c0 08
0x000000018000c2f4:   89 04 24 8b 44 24 04 0f af 04 24 83 c0 09 89 04
0x000000018000c304:   24 8b 44 24 04 0f af 04 24 83 c0 0a 89 04 24 8b
0x000000018000c314:   44 24 04 0f af 04 24 83 c0 0b 89 04 24 8b 44 24
0x000000018000c324:   04 0f af 04 24 83 c0 0d 89 04 24 8b 44 24 04 0f
0x000000018000c334:   af 04 24 83 c0 0e 89 04 24 8b 44 24 04 0f af 04
0x000000018000c344:   24 83 c0 0f 89 04 24 8b 44 24 04 0f af 04 24 83
0x000000018000c354:   c0 10 89 04 24 8b 44 24 04 0f af 04 24 83 c0 11
0x000000018000c364:   89 04 24 8b 44 24 04 0f af 04 24 83 c0 12 89 04 


Stack slot to memory mapping:
stack at sp + 0 slots: 0x0 is NULL
stack at sp + 1 slots: 0x0 is NULL
stack at sp + 2 slots: 0x000000000000083c is an unknown value
stack at sp + 3 slots: 0x000000018001f4c2 ASProxy64.dll
stack at sp + 4 slots: 0x0000000180065ec8 ASProxy64.dll
stack at sp + 5 slots: 0x0000000000002736 is an unknown value
stack at sp + 6 slots: 0x0000000000000001 is an unknown value
stack at sp + 7 slots: 0x0000000000000840 is an unknown value


---------------  P R O C E S S  ---------------

Threads class SMR info:
_java_thread_list=0x000000006e83cc00, length=27, elements={
0x0000000003361360, 0x000000002393f850, 0x0000000023940320, 0x0000000023959ae0,
0x000000002395a3b0, 0x000000002395ac80, 0x000000002395b550, 0x000000002689a030,
0x000000002689c690, 0x000000002689cfa0, 0x00000000269ce730, 0x00000000269e3c80,
0x0000000026aa35b0, 0x000000007099ddf0, 0x000000006ea26460, 0x000000006ea27390,
0x000000006ea27db0, 0x000000006ea282c0, 0x000000006ea287d0, 0x000000006ea291f0,
0x000000006ea278a0, 0x000000006ea29700, 0x000000006ea26970, 0x000000006ea26e80,
0x0000000070f3ee50, 0x0000000070f40290, 0x0000000070f407a0
}

Java Threads: ( => current thread )
=>0x0000000003361360 JavaThread "main" [_thread_in_native, id=12780, stack(0x00000000029e0000,0x0000000002ae0000)]
  0x000000002393f850 JavaThread "Reference Handler" daemon [_thread_blocked, id=1424, stack(0x0000000026d10000,0x0000000026e10000)]
  0x0000000023940320 JavaThread "Finalizer" daemon [_thread_blocked, id=22572, stack(0x0000000026e10000,0x0000000026f10000)]
  0x0000000023959ae0 JavaThread "Signal Dispatcher" daemon [_thread_blocked, id=18664, stack(0x000000006c110000,0x000000006c210000)]
  0x000000002395a3b0 JavaThread "Attach Listener" daemon [_thread_blocked, id=22548, stack(0x000000006c210000,0x000000006c310000)]
  0x000000002395ac80 JavaThread "Service Thread" daemon [_thread_blocked, id=14300, stack(0x000000006c310000,0x000000006c410000)]
  0x000000002395b550 JavaThread "Monitor Deflation Thread" daemon [_thread_blocked, id=22608, stack(0x000000006c410000,0x000000006c510000)]
  0x000000002689a030 JavaThread "C2 CompilerThread0" daemon [_thread_blocked, id=22552, stack(0x000000006c510000,0x000000006c610000)]
  0x000000002689c690 JavaThread "C1 CompilerThread0" daemon [_thread_blocked, id=14312, stack(0x000000006c610000,0x000000006c710000)]
  0x000000002689cfa0 JavaThread "Sweeper thread" daemon [_thread_blocked, id=22560, stack(0x000000006c710000,0x000000006c810000)]
  0x00000000269ce730 JavaThread "Notification Thread" daemon [_thread_blocked, id=22564, stack(0x000000006c810000,0x000000006c910000)]
  0x00000000269e3c80 JavaThread "Common-Cleaner" daemon [_thread_blocked, id=1704, stack(0x000000006ca10000,0x000000006cb10000)]
  0x0000000026aa35b0 JavaThread "C2 CompilerThread1" daemon [_thread_blocked, id=17980, stack(0x000000006dbc0000,0x000000006dcc0000)]
  0x000000007099ddf0 JavaThread "C2 CompilerThread2" daemon [_thread_blocked, id=6920, stack(0x00000000713e0000,0x00000000714e0000)]
  0x000000006ea26460 JavaThread "Catalina-utility-1" [_thread_blocked, id=23476, stack(0x00000000724b0000,0x00000000725b0000)]
  0x000000006ea27390 JavaThread "Catalina-utility-2" [_thread_blocked, id=13416, stack(0x00000000726e0000,0x00000000727e0000)]
  0x000000006ea27db0 JavaThread "http-nio-8080-exec-1" daemon [_thread_blocked, id=20316, stack(0x0000000071270000,0x0000000071370000)]
  0x000000006ea282c0 JavaThread "http-nio-8080-exec-2" daemon [_thread_blocked, id=22728, stack(0x00000000725b0000,0x00000000726b0000)]
  0x000000006ea287d0 JavaThread "http-nio-8080-exec-3" daemon [_thread_blocked, id=16936, stack(0x00000000729c0000,0x0000000072ac0000)]
  0x000000006ea291f0 JavaThread "http-nio-8080-exec-4" daemon [_thread_blocked, id=22636, stack(0x0000000072ac0000,0x0000000072bc0000)]
  0x000000006ea278a0 JavaThread "http-nio-8080-exec-5" daemon [_thread_blocked, id=16728, stack(0x0000000072bc0000,0x0000000072cc0000)]
  0x000000006ea29700 JavaThread "http-nio-8080-exec-6" daemon [_thread_blocked, id=21528, stack(0x0000000072cc0000,0x0000000072dc0000)]
  0x000000006ea26970 JavaThread "http-nio-8080-exec-7" daemon [_thread_blocked, id=18320, stack(0x0000000072dc0000,0x0000000072ec0000)]
  0x000000006ea26e80 JavaThread "http-nio-8080-exec-8" daemon [_thread_blocked, id=11296, stack(0x0000000072ec0000,0x0000000072fc0000)]
  0x0000000070f3ee50 JavaThread "http-nio-8080-exec-9" daemon [_thread_blocked, id=22364, stack(0x0000000072fc0000,0x00000000730c0000)]
  0x0000000070f40290 JavaThread "http-nio-8080-exec-10" daemon [_thread_blocked, id=22656, stack(0x00000000730c0000,0x00000000731c0000)]
  0x0000000070f407a0 JavaThread "container-0" [_thread_blocked, id=21964, stack(0x00000000731c0000,0x00000000732c0000)]

Other Threads:
  0x0000000023939980 VMThread "VM Thread" [stack: 0x0000000026c10000,0x0000000026d10000] [id=22492]
  0x0000000023773e90 WatcherThread [stack: 0x000000006c910000,0x000000006ca10000] [id=21788]
  0x00000000033d5080 GCTaskThread "GC Thread#0" [stack: 0x0000000023660000,0x0000000023760000] [id=22576]
  0x000000006e712890 GCTaskThread "GC Thread#1" [stack: 0x000000006f5f0000,0x000000006f6f0000] [id=23408]
  0x000000006e69f130 GCTaskThread "GC Thread#2" [stack: 0x000000006f6f0000,0x000000006f7f0000] [id=12532]
  0x000000006e69f3f0 GCTaskThread "GC Thread#3" [stack: 0x000000006f7f0000,0x000000006f8f0000] [id=22940]
  0x000000006e69f6b0 GCTaskThread "GC Thread#4" [stack: 0x000000006f8f0000,0x000000006f9f0000] [id=22676]
  0x000000006e69f970 GCTaskThread "GC Thread#5" [stack: 0x000000006f9f0000,0x000000006faf0000] [id=22668]
  0x000000006ea62c60 GCTaskThread "GC Thread#6" [stack: 0x000000006fbf0000,0x000000006fcf0000] [id=23536]
  0x000000006ebcaa40 GCTaskThread "GC Thread#7" [stack: 0x000000006fcf0000,0x000000006fdf0000] [id=23468]
  0x000000006ea74020 GCTaskThread "GC Thread#8" [stack: 0x000000006fdf0000,0x000000006fef0000] [id=22696]
  0x000000006e43e980 GCTaskThread "GC Thread#9" [stack: 0x000000006fef0000,0x000000006fff0000] [id=22704]
  0x00000000033de9d0 ConcurrentGCThread "G1 Main Marker" [stack: 0x0000000023960000,0x0000000023a60000] [id=1792]
  0x00000000237699e0 ConcurrentGCThread "G1 Conc#0" [stack: 0x0000000023a60000,0x0000000023b60000] [id=2364]
  0x00000000704ac290 ConcurrentGCThread "G1 Conc#1" [stack: 0x000000006faf0000,0x000000006fbf0000] [id=14956]
  0x00000000704d11d0 ConcurrentGCThread "G1 Conc#2" [stack: 0x0000000070fc0000,0x00000000710c0000] [id=20404]
  0x000000002386ac00 ConcurrentGCThread "G1 Refine#0" [stack: 0x0000000026610000,0x0000000026710000] [id=4332]
  0x000000002386b3e0 ConcurrentGCThread "G1 Service" [stack: 0x0000000026710000,0x0000000026810000] [id=16236]

Threads with active compile tasks:

VM state: not at safepoint (normal execution)

VM Mutex/Monitor currently owned by a thread: None

Heap address: 0x0000000704c00000, size: 4020 MB, Compressed Oops mode: Zero based, Oop shift amount: 3

CDS archive(s) mapped at: [0x0000000027000000-0x0000000027bd0000-0x0000000027bd0000), size 12386304, SharedBaseAddress: 0x0000000027000000, ArchiveRelocationMode: 1.
Compressed class space mapped at: 0x0000000028000000-0x0000000068000000, reserved size: 1073741824
Narrow klass base: 0x0000000027000000, Narrow klass shift: 0, Narrow klass range: 0x100000000

GC Precious Log:
 CPUs: 12 total, 12 available
 Memory: 16072M
 Large Page Support: Disabled
 NUMA Support: Disabled
 Compressed Oops: Enabled (Zero based)
 Heap Region Size: 2M
 Heap Min Capacity: 8M
 Heap Initial Capacity: 252M
 Heap Max Capacity: 4020M
 Pre-touch: Disabled
 Parallel Workers: 10
 Concurrent Workers: 3
 Concurrent Refinement Workers: 10
 Periodic GC: Disabled

Heap:
 garbage-first heap   total 49152K, used 21130K [0x0000000704c00000, 0x0000000800000000)
  region size 2048K, 6 young (12288K), 1 survivors (2048K)
 Metaspace       used 27719K, committed 28160K, reserved 1114112K
  class space    used 3487K, committed 3712K, reserved 1048576K

Heap Regions: E=young(eden), S=young(survivor), O=old, HS=humongous(starts), HC=humongous(continues), CS=collection set, F=free, OA=open archive, CA=closed archive, TAMS=top-at-mark-start (previous, next)
|   0|0x0000000704c00000, 0x0000000704e00000, 0x0000000704e00000|100%| O|  |TAMS 0x0000000704e00000, 0x0000000704c00000| Untracked 
|   1|0x0000000704e00000, 0x0000000705000000, 0x0000000705000000|100%| O|  |TAMS 0x0000000705000000, 0x0000000704e00000| Untracked 
|   2|0x0000000705000000, 0x0000000705000000, 0x0000000705200000|  0%| F|  |TAMS 0x0000000705000000, 0x0000000705000000| Untracked 
|   3|0x0000000705200000, 0x0000000705400000, 0x0000000705400000|100%| O|  |TAMS 0x0000000705200000, 0x0000000705200000| Untracked 
|   4|0x0000000705400000, 0x0000000705600000, 0x0000000705600000|100%| O|  |TAMS 0x0000000705400000, 0x0000000705400000| Untracked 
|   5|0x0000000705600000, 0x0000000705800000, 0x0000000705800000|100%| O|  |TAMS 0x0000000705600000, 0x0000000705600000| Untracked 
|   6|0x0000000705800000, 0x0000000705a00000, 0x0000000705a00000|100%| O|  |TAMS 0x0000000705800000, 0x0000000705800000| Untracked 
|   7|0x0000000705a00000, 0x0000000705a1ac00, 0x0000000705c00000|  5%| O|  |TAMS 0x0000000705a00000, 0x0000000705a00000| Untracked 
|   8|0x0000000705c00000, 0x0000000705c00000, 0x0000000705e00000|  0%| F|  |TAMS 0x0000000705c00000, 0x0000000705c00000| Untracked 
|   9|0x0000000705e00000, 0x0000000705e00000, 0x0000000706000000|  0%| F|  |TAMS 0x0000000705e00000, 0x0000000705e00000| Untracked 
|  10|0x0000000706000000, 0x0000000706000000, 0x0000000706200000|  0%| F|  |TAMS 0x0000000706000000, 0x0000000706000000| Untracked 
|  11|0x0000000706200000, 0x0000000706200000, 0x0000000706400000|  0%| F|  |TAMS 0x0000000706200000, 0x0000000706200000| Untracked 
|  12|0x0000000706400000, 0x0000000706400000, 0x0000000706600000|  0%| F|  |TAMS 0x0000000706400000, 0x0000000706400000| Untracked 
|  13|0x0000000706600000, 0x0000000706600000, 0x0000000706800000|  0%| F|  |TAMS 0x0000000706600000, 0x0000000706600000| Untracked 
|  14|0x0000000706800000, 0x0000000706800000, 0x0000000706a00000|  0%| F|  |TAMS 0x0000000706800000, 0x0000000706800000| Untracked 
|  15|0x0000000706a00000, 0x0000000706a00000, 0x0000000706c00000|  0%| F|  |TAMS 0x0000000706a00000, 0x0000000706a00000| Untracked 
|  16|0x0000000706c00000, 0x0000000706c00000, 0x0000000706e00000|  0%| F|  |TAMS 0x0000000706c00000, 0x0000000706c00000| Untracked 
|  17|0x0000000706e00000, 0x0000000706e00000, 0x0000000707000000|  0%| F|  |TAMS 0x0000000706e00000, 0x0000000706e00000| Untracked 
|  18|0x0000000707000000, 0x00000007070ab5d8, 0x0000000707200000| 33%| E|  |TAMS 0x0000000707000000, 0x0000000707000000| Complete 
|  19|0x0000000707200000, 0x0000000707400000, 0x0000000707400000|100%| E|CS|TAMS 0x0000000707200000, 0x0000000707200000| Complete 
|  99|0x0000000711200000, 0x0000000711400000, 0x0000000711400000|100%| E|CS|TAMS 0x0000000711200000, 0x0000000711200000| Complete 
| 100|0x0000000711400000, 0x0000000711600000, 0x0000000711600000|100%| E|CS|TAMS 0x0000000711400000, 0x0000000711400000| Complete 
| 101|0x0000000711600000, 0x0000000711687d00, 0x0000000711800000| 26%| S|CS|TAMS 0x0000000711600000, 0x0000000711600000| Complete 
| 125|0x0000000714600000, 0x0000000714800000, 0x0000000714800000|100%| E|CS|TAMS 0x0000000714600000, 0x0000000714600000| Complete 

Card table byte_map: [0x000000001a900000,0x000000001b0e0000] _byte_map_base: 0x00000000170da000

Marking Bits (Prev, Next): (CMBitMap*) 0x00000000033d55f0, (CMBitMap*) 0x00000000033d55b0
 Prev Bits: [0x000000001f790000, 0x0000000023660000)
 Next Bits: [0x000000001b8c0000, 0x000000001f790000)

Polling page: 0x0000000002ae0000

Metaspace:

Usage:
  Non-class:     23.66 MB used.
      Class:      3.41 MB used.
       Both:     27.07 MB used.

Virtual space:
  Non-class space:       64.00 MB reserved,      23.88 MB ( 37%) committed,  1 nodes.
      Class space:        1.00 GB reserved,       3.62 MB ( <1%) committed,  1 nodes.
             Both:        1.06 GB reserved,      27.50 MB (  3%) committed. 

Chunk freelists:
   Non-Class:  8.14 MB
       Class:  12.39 MB
        Both:  20.53 MB

MaxMetaspaceSize: unlimited
CompressedClassSpaceSize: 1.00 GB
Initial GC threshold: 21.00 MB
Current GC threshold: 35.12 MB
CDS: on
MetaspaceReclaimPolicy: balanced
 - commit_granule_bytes: 65536.
 - commit_granule_words: 8192.
 - virtual_space_node_default_size: 8388608.
 - enlarge_chunks_in_place: 1.
 - new_chunks_are_fully_committed: 0.
 - uncommit_free_chunks: 1.
 - use_allocation_guard: 0.
 - handle_deallocations: 1.


Internal statistics:

num_allocs_failed_limit: 3.
num_arena_births: 562.
num_arena_deaths: 0.
num_vsnodes_births: 2.
num_vsnodes_deaths: 0.
num_space_committed: 440.
num_space_uncommitted: 0.
num_chunks_returned_to_freelist: 3.
num_chunks_taken_from_freelist: 1561.
num_chunk_merges: 3.
num_chunk_splits: 1060.
num_chunks_enlarged: 763.
num_inconsistent_stats: 0.

CodeHeap 'non-profiled nmethods': size=120000Kb used=1987Kb max_used=1987Kb free=118012Kb
 bounds [0x00000000126a0000, 0x0000000012910000, 0x0000000019bd0000]
CodeHeap 'profiled nmethods': size=120000Kb used=7418Kb max_used=7418Kb free=112581Kb
 bounds [0x000000000abd0000, 0x000000000b310000, 0x0000000012100000]
CodeHeap 'non-nmethods': size=5760Kb used=1227Kb max_used=1282Kb free=4532Kb
 bounds [0x0000000012100000, 0x0000000012370000, 0x00000000126a0000]
 total_blobs=4100 nmethods=3570 adapters=441
 compilation: enabled
              stopped_count=0, restarted_count=0
 full_count=0

Compilation events (20 events):
Event: 1.600 Thread 0x000000002689c690 3551       3       org.springframework.core.MethodIntrospector$$Lambda$638/0x0000000028360b10::doWith (17 bytes)
Event: 1.600 Thread 0x000000002689c690 nmethod 3551 0x000000000b305590 code [0x000000000b305720, 0x000000000b305888]
Event: 1.600 Thread 0x000000002689c690 3552       3       org.springframework.core.MethodIntrospector::lambda$selectMethods$0 (84 bytes)
Event: 1.600 Thread 0x000000002689c690 nmethod 3552 0x000000000b305910 code [0x000000000b305b20, 0x000000000b3061a8]
Event: 1.600 Thread 0x000000002689c690 3553       3       org.springframework.core.annotation.AnnotatedElementUtils::findMergedAnnotation (59 bytes)
Event: 1.600 Thread 0x000000002689c690 nmethod 3553 0x000000000b306410 code [0x000000000b306720, 0x000000000b3079e8]
Event: 1.600 Thread 0x000000002689c690 3554       3       org.springframework.core.annotation.AnnotatedElementUtils::getAnnotations (11 bytes)
Event: 1.600 Thread 0x000000002689c690 nmethod 3554 0x000000000b307f90 code [0x000000000b308140, 0x000000000b308348]
Event: 1.600 Thread 0x000000002689c690 3555   !   3       org.springframework.util.ConcurrentReferenceHashMap$Segment::clear (69 bytes)
Event: 1.601 Thread 0x000000002689c690 nmethod 3555 0x000000000b308490 code [0x000000000b3086e0, 0x000000000b309278]
Event: 1.602 Thread 0x000000002689a030 nmethod 3521 0x0000000012870610 code [0x00000000128707c0, 0x0000000012871298]
Event: 1.602 Thread 0x000000002689a030 3507       4       org.springframework.boot.context.properties.source.SystemEnvironmentPropertyMapper$$Lambda$91/0x00000000280b4000::test (16 bytes)
Event: 1.603 Thread 0x000000002689c690 3564       3       jdk.internal.loader.URLClassPath$FileLoader::findResource (18 bytes)
Event: 1.604 Thread 0x000000002689c690 nmethod 3564 0x000000000b309690 code [0x000000000b309840, 0x000000000b309ab8]
Event: 1.606 Thread 0x000000002689c690 3565       3       java.util.concurrent.ConcurrentHashMap::<init> (73 bytes)
Event: 1.606 Thread 0x000000002689c690 nmethod 3565 0x000000000b309b90 code [0x000000000b309da0, 0x000000000b30a318]
Event: 1.609 Thread 0x000000002689c690 3568       3       java.lang.invoke.VarHandleGuards::guard_LII_V (137 bytes)
Event: 1.610 Thread 0x000000002689c690 nmethod 3568 0x000000000b30a490 code [0x000000000b30a8e0, 0x000000000b30d578]
Event: 1.611 Thread 0x000000002689c690 3569       3       java.lang.invoke.VarHandleByteArrayAsInts$ArrayHandle::set (39 bytes)
Event: 1.611 Thread 0x000000002689c690 nmethod 3569 0x000000000b30e210 code [0x000000000b30e400, 0x000000000b30e938]

GC Heap History (10 events):
Event: 0.318 GC heap before
{Heap before GC invocations=0 (full 0):
 garbage-first heap   total 258048K, used 20480K [0x0000000704c00000, 0x0000000800000000)
  region size 2048K, 11 young (22528K), 0 survivors (0K)
 Metaspace       used 6452K, committed 6656K, reserved 1114112K
  class space    used 796K, committed 896K, reserved 1048576K
}
Event: 0.320 GC heap after
{Heap after GC invocations=1 (full 0):
 garbage-first heap   total 258048K, used 4475K [0x0000000704c00000, 0x0000000800000000)
  region size 2048K, 2 young (4096K), 2 survivors (4096K)
 Metaspace       used 6452K, committed 6656K, reserved 1114112K
  class space    used 796K, committed 896K, reserved 1048576K
}
Event: 0.486 GC heap before
{Heap before GC invocations=1 (full 0):
 garbage-first heap   total 258048K, used 31099K [0x0000000704c00000, 0x0000000800000000)
  region size 2048K, 16 young (32768K), 2 survivors (4096K)
 Metaspace       used 13519K, committed 13824K, reserved 1114112K
  class space    used 1663K, committed 1792K, reserved 1048576K
}
Event: 0.489 GC heap after
{Heap after GC invocations=2 (full 0):
 garbage-first heap   total 258048K, used 6556K [0x0000000704c00000, 0x0000000800000000)
  region size 2048K, 2 young (4096K), 2 survivors (4096K)
 Metaspace       used 13519K, committed 13824K, reserved 1114112K
  class space    used 1663K, committed 1792K, reserved 1048576K
}
Event: 0.924 GC heap before
{Heap before GC invocations=2 (full 0):
 garbage-first heap   total 258048K, used 49564K [0x0000000704c00000, 0x0000000800000000)
  region size 2048K, 24 young (49152K), 2 survivors (4096K)
 Metaspace       used 21153K, committed 21504K, reserved 1114112K
  class space    used 2656K, committed 2816K, reserved 1048576K
}
Event: 0.927 GC heap after
{Heap after GC invocations=3 (full 0):
 garbage-first heap   total 258048K, used 10482K [0x0000000704c00000, 0x0000000800000000)
  region size 2048K, 3 young (6144K), 3 survivors (6144K)
 Metaspace       used 21153K, committed 21504K, reserved 1114112K
  class space    used 2656K, committed 2816K, reserved 1048576K
}
Event: 1.500 GC heap before
{Heap before GC invocations=4 (full 0):
 garbage-first heap   total 49152K, used 33010K [0x0000000704c00000, 0x0000000800000000)
  region size 2048K, 14 young (28672K), 3 survivors (6144K)
 Metaspace       used 25654K, committed 26112K, reserved 1114112K
  class space    used 3224K, committed 3456K, reserved 1048576K
}
Event: 1.503 GC heap after
{Heap after GC invocations=5 (full 0):
 garbage-first heap   total 49152K, used 12789K [0x0000000704c00000, 0x0000000800000000)
  region size 2048K, 2 young (4096K), 2 survivors (4096K)
 Metaspace       used 25654K, committed 26112K, reserved 1114112K
  class space    used 3224K, committed 3456K, reserved 1048576K
}
Event: 1.527 GC heap before
{Heap before GC invocations=5 (full 0):
 garbage-first heap   total 49152K, used 14837K [0x0000000704c00000, 0x0000000800000000)
  region size 2048K, 3 young (6144K), 2 survivors (4096K)
 Metaspace       used 25980K, committed 26368K, reserved 1114112K
  class space    used 3263K, committed 3456K, reserved 1048576K
}
Event: 1.528 GC heap after
{Heap after GC invocations=6 (full 0):
 garbage-first heap   total 49152K, used 12938K [0x0000000704c00000, 0x0000000800000000)
  region size 2048K, 1 young (2048K), 1 survivors (2048K)
 Metaspace       used 25980K, committed 26368K, reserved 1114112K
  class space    used 3263K, committed 3456K, reserved 1048576K
}

Deoptimization events (20 events):
Event: 1.588 Thread 0x0000000003361360 Uncommon trap: trap_request=0xffffffd6 fr.pc=0x00000000128587c0 relative=0x0000000000000780
Event: 1.588 Thread 0x0000000003361360 Uncommon trap: reason=array_check action=maybe_recompile pc=0x00000000128587c0 method=java.util.AbstractCollection.toArray([Ljava/lang/Object;)[Ljava/lang/Object; @ 116 c2
Event: 1.588 Thread 0x0000000003361360 DEOPT PACKING pc=0x00000000128587c0 sp=0x0000000002add6a0
Event: 1.588 Thread 0x0000000003361360 DEOPT UNPACKING pc=0x00000000121523a3 sp=0x0000000002add660 mode 2
Event: 1.588 Thread 0x0000000003361360 Uncommon trap: trap_request=0xffffffd6 fr.pc=0x00000000128587c0 relative=0x0000000000000780
Event: 1.588 Thread 0x0000000003361360 Uncommon trap: reason=array_check action=maybe_recompile pc=0x00000000128587c0 method=java.util.AbstractCollection.toArray([Ljava/lang/Object;)[Ljava/lang/Object; @ 116 c2
Event: 1.588 Thread 0x0000000003361360 DEOPT PACKING pc=0x00000000128587c0 sp=0x0000000002add930
Event: 1.588 Thread 0x0000000003361360 DEOPT UNPACKING pc=0x00000000121523a3 sp=0x0000000002add8f0 mode 2
Event: 1.588 Thread 0x0000000003361360 Uncommon trap: trap_request=0xffffffd6 fr.pc=0x00000000128587c0 relative=0x0000000000000780
Event: 1.588 Thread 0x0000000003361360 Uncommon trap: reason=array_check action=maybe_recompile pc=0x00000000128587c0 method=java.util.AbstractCollection.toArray([Ljava/lang/Object;)[Ljava/lang/Object; @ 116 c2
Event: 1.588 Thread 0x0000000003361360 DEOPT PACKING pc=0x00000000128587c0 sp=0x0000000002adce80
Event: 1.588 Thread 0x0000000003361360 DEOPT UNPACKING pc=0x00000000121523a3 sp=0x0000000002adce40 mode 2
Event: 1.588 Thread 0x0000000003361360 Uncommon trap: trap_request=0xffffffd6 fr.pc=0x00000000128587c0 relative=0x0000000000000780
Event: 1.588 Thread 0x0000000003361360 Uncommon trap: reason=array_check action=maybe_recompile pc=0x00000000128587c0 method=java.util.AbstractCollection.toArray([Ljava/lang/Object;)[Ljava/lang/Object; @ 116 c2
Event: 1.588 Thread 0x0000000003361360 DEOPT PACKING pc=0x00000000128587c0 sp=0x0000000002add110
Event: 1.588 Thread 0x0000000003361360 DEOPT UNPACKING pc=0x00000000121523a3 sp=0x0000000002add0d0 mode 2
Event: 1.600 Thread 0x0000000003361360 Uncommon trap: trap_request=0xffffff45 fr.pc=0x00000000126fcde0 relative=0x0000000000000060
Event: 1.600 Thread 0x0000000003361360 Uncommon trap: reason=unstable_if action=reinterpret pc=0x00000000126fcde0 method=org.springframework.util.ConcurrentReferenceHashMap$Segment.clear()V @ 7 c2
Event: 1.600 Thread 0x0000000003361360 DEOPT PACKING pc=0x00000000126fcde0 sp=0x0000000002adf3c0
Event: 1.600 Thread 0x0000000003361360 DEOPT UNPACKING pc=0x00000000121523a3 sp=0x0000000002adf350 mode 2

Classes unloaded (0 events):
No events

Classes redefined (0 events):
No events

Internal exceptions (20 events):
Event: 0.928 Thread 0x0000000003361360 Exception <a 'java/lang/NoSuchMethodError'{0x0000000714600768}: 'void java.lang.invoke.DirectMethodHandle$Holder.invokeVirtual(java.lang.Object, java.lang.Object, int)'> (0x0000000714600768) 
thrown [s\open\src\hotspot\share\interpreter\linkResolver.cpp, line 759]
Event: 0.928 Thread 0x0000000003361360 Exception <a 'java/lang/NoSuchMethodError'{0x0000000714606a50}: 'void java.lang.invoke.DirectMethodHandle$Holder.invokeStatic(java.lang.Object, java.lang.Object, java.lang.Object, int, java.lang.Object)'> (0x0000000714606a50) 
thrown [s\open\src\hotspot\share\interpreter\linkResolver.cpp, line 759]
Event: 0.929 Thread 0x0000000003361360 Exception <a 'java/lang/NoSuchMethodError'{0x000000071460df58}: 'java.lang.Object java.lang.invoke.DirectMethodHandle$Holder.newInvokeSpecial(java.lang.Object, java.lang.Object, java.lang.Object, int)'> (0x000000071460df58) 
thrown [s\open\src\hotspot\share\interpreter\linkResolver.cpp, line 759]
Event: 0.929 Thread 0x0000000003361360 Exception <a 'java/lang/NoSuchMethodError'{0x0000000714612240}: 'java.lang.Object java.lang.invoke.DirectMethodHandle$Holder.invokeSpecial(java.lang.Object, java.lang.Object, java.lang.Object, java.lang.Object, int)'> (0x0000000714612240) 
thrown [s\open\src\hotspot\share\interpreter\linkResolver.cpp, line 759]
Event: 0.929 Thread 0x0000000003361360 Exception <a 'java/lang/NoSuchMethodError'{0x0000000714615e08}: 'java.lang.Object java.lang.invoke.Invokers$Holder.linkToTargetMethod(java.lang.Object, java.lang.Object, int, java.lang.Object)'> (0x0000000714615e08) 
thrown [s\open\src\hotspot\share\interpreter\linkResolver.cpp, line 759]
Event: 0.961 Thread 0x0000000003361360 Exception <a 'java/lang/NoSuchMethodError'{0x0000000707051350}: 'java.lang.Object java.lang.invoke.DirectMethodHandle$Holder.invokeStaticInit(java.lang.Object, int, int, int, int)'> (0x0000000707051350) 
thrown [s\open\src\hotspot\share\interpreter\linkResolver.cpp, line 759]
Event: 0.988 Thread 0x0000000003361360 Exception <a 'java/lang/NoSuchMethodError'{0x0000000707138948}: 'java.lang.Object java.lang.invoke.DirectMethodHandle$Holder.invokeStaticInit(java.lang.Object, java.lang.Object, int, int, int, int)'> (0x0000000707138948) 
thrown [s\open\src\hotspot\share\interpreter\linkResolver.cpp, line 759]
Event: 1.359 Thread 0x0000000003361360 Exception <a 'java/lang/NoSuchMethodError'{0x0000000706a282c0}: 'java.lang.Object java.lang.invoke.DirectMethodHandle$Holder.invokeSpecial(java.lang.Object, java.lang.Object, long, java.lang.Object, java.lang.Object, java.lang.Object, java.lang.Object, java.lang.Object, java.lang.Object)'> (0x0000000706a282c0) 
thrown [s\open\src\hotspot\share\interpreter\linkResolver.cpp, line 759]
Event: 1.359 Thread 0x0000000003361360 Exception <a 'java/lang/NoSuchMethodError'{0x0000000706a2cde8}: 'java.lang.Object java.lang.invoke.DelegatingMethodHandle$Holder.reinvoke_L(java.lang.Object, long, java.lang.Object, java.lang.Object, java.lang.Object, java.lang.Object, java.lang.Object, java.lang.Object)'> (0x0000000706a2cde8) 
thrown [s\open\src\hotspot\share\interpreter\linkResolver.cpp, line 759]
Event: 1.381 Thread 0x0000000003361360 Exception <a 'java/io/FileNotFoundException'{0x0000000706b7d368}> (0x0000000706b7d368) 
thrown [s\open\src\hotspot\share\prims\jni.cpp, line 516]
Event: 1.394 Thread 0x0000000003361360 Exception <a 'java/lang/NoSuchMethodError'{0x000000070689be00}: 'int java.lang.invoke.DirectMethodHandle$Holder.invokeInterface(java.lang.Object, java.lang.Object, java.lang.Object, java.lang.Object)'> (0x000000070689be00) 
thrown [s\open\src\hotspot\share\interpreter\linkResolver.cpp, line 759]
Event: 1.416 Thread 0x0000000003361360 Exception <a 'java/lang/NoSuchMethodError'{0x000000070664f570}: 'long java.lang.invoke.DirectMethodHandle$Holder.invokeVirtual(java.lang.Object, java.lang.Object)'> (0x000000070664f570) 
thrown [s\open\src\hotspot\share\interpreter\linkResolver.cpp, line 759]
Event: 1.534 Thread 0x0000000003361360 Exception <a 'sun/nio/fs/WindowsException'{0x00000007146b5880}> (0x00000007146b5880) 
thrown [s\open\src\hotspot\share\prims\jni.cpp, line 516]
Event: 1.548 Thread 0x0000000003361360 Exception <a 'java/lang/IncompatibleClassChangeError'{0x000000071143b4c0}: Found class java.lang.Object, but interface was expected> (0x000000071143b4c0) 
thrown [s\open\src\hotspot\share\interpreter\linkResolver.cpp, line 826]
Event: 1.560 Thread 0x0000000003361360 Exception <a 'java/lang/NoSuchMethodError'{0x0000000711563b10}: 'void java.lang.invoke.DirectMethodHandle$Holder.invokeVirtual(java.lang.Object, java.lang.Object, long)'> (0x0000000711563b10) 
thrown [s\open\src\hotspot\share\interpreter\linkResolver.cpp, line 759]
Event: 1.584 Thread 0x0000000003361360 Exception <a 'java/lang/NoSuchMethodError'{0x0000000707255ac8}: 'int java.lang.invoke.DirectMethodHandle$Holder.invokeStaticInit(java.lang.Object, java.lang.Object, java.lang.Object, java.lang.Object)'> (0x0000000707255ac8) 
thrown [s\open\src\hotspot\share\interpreter\linkResolver.cpp, line 759]
Event: 1.602 Thread 0x0000000003361360 Exception <a 'java/lang/NoSuchMethodError'{0x0000000707016938}: 'java.lang.Object java.lang.invoke.DirectMethodHandle$Holder.newInvokeSpecial(java.lang.Object, java.lang.Object, int, java.lang.Object, java.lang.Object)'> (0x0000000707016938) 
thrown [s\open\src\hotspot\share\interpreter\linkResolver.cpp, line 759]
Event: 1.602 Thread 0x0000000003361360 Exception <a 'java/lang/NoSuchMethodError'{0x0000000707021fb0}: 'java.lang.Object java.lang.invoke.DirectMethodHandle$Holder.invokeSpecial(java.lang.Object, java.lang.Object, int, java.lang.Object, int, java.lang.Object)'> (0x0000000707021fb0) 
thrown [s\open\src\hotspot\share\interpreter\linkResolver.cpp, line 759]
Event: 1.602 Thread 0x0000000003361360 Exception <a 'java/lang/NoSuchMethodError'{0x0000000707029db8}: 'java.lang.Object java.lang.invoke.DirectMethodHandle$Holder.newInvokeSpecial(java.lang.Object, java.lang.Object, int, java.lang.Object, int)'> (0x0000000707029db8) 
thrown [s\open\src\hotspot\share\interpreter\linkResolver.cpp, line 759]
Event: 1.602 Thread 0x0000000003361360 Exception <a 'java/lang/NoSuchMethodError'{0x000000070702deb8}: 'java.lang.Object java.lang.invoke.DirectMethodHandle$Holder.invokeSpecial(java.lang.Object, java.lang.Object, java.lang.Object, int, java.lang.Object, int)'> (0x000000070702deb8) 
thrown [s\open\src\hotspot\share\interpreter\linkResolver.cpp, line 759]

VM Operations (20 events):
Event: 1.404 Executing VM operation: HandshakeAllThreads
Event: 1.404 Executing VM operation: HandshakeAllThreads done
Event: 1.404 Executing VM operation: HandshakeAllThreads
Event: 1.404 Executing VM operation: HandshakeAllThreads done
Event: 1.420 Executing VM operation: HandshakeAllThreads
Event: 1.420 Executing VM operation: HandshakeAllThreads done
Event: 1.476 Executing VM operation: HandshakeAllThreads
Event: 1.476 Executing VM operation: HandshakeAllThreads done
Event: 1.490 Executing VM operation: HandshakeAllThreads
Event: 1.490 Executing VM operation: HandshakeAllThreads done
Event: 1.497 Executing VM operation: HandshakeAllThreads
Event: 1.497 Executing VM operation: HandshakeAllThreads done
Event: 1.497 Executing VM operation: HandshakeAllThreads
Event: 1.497 Executing VM operation: HandshakeAllThreads done
Event: 1.500 Executing VM operation: G1CollectForAllocation
Event: 1.503 Executing VM operation: G1CollectForAllocation done
Event: 1.527 Executing VM operation: G1CollectForAllocation
Event: 1.528 Executing VM operation: G1CollectForAllocation done
Event: 1.568 Executing VM operation: HandshakeAllThreads
Event: 1.568 Executing VM operation: HandshakeAllThreads done

Events (20 events):
Event: 1.608 loading class sun/nio/ch/UnixDomainSockets
Event: 1.608 loading class sun/nio/ch/UnixDomainSockets done
Event: 1.608 loading class sun/nio/ch/UnixDomainSocketsUtil
Event: 1.608 loading class sun/nio/ch/UnixDomainSocketsUtil done
Event: 1.610 loading class sun/nio/ch/SocketChannelImpl
Event: 1.610 loading class sun/nio/ch/SocketChannelImpl done
Event: 1.610 loading class java/nio/channels/spi/AbstractInterruptibleChannel$1
Event: 1.610 loading class sun/nio/ch/Interruptible
Event: 1.610 loading class sun/nio/ch/Interruptible done
Event: 1.610 loading class java/nio/channels/spi/AbstractInterruptibleChannel$1 done
Event: 1.611 loading class java/nio/BufferMismatch
Event: 1.611 loading class java/nio/BufferMismatch done
Event: 1.611 loading class sun/nio/ch/SourceChannelImpl
Event: 1.611 loading class java/nio/channels/Pipe$SourceChannel
Event: 1.611 loading class java/nio/channels/Pipe$SourceChannel done
Event: 1.611 loading class sun/nio/ch/SourceChannelImpl done
Event: 1.611 loading class sun/nio/ch/SinkChannelImpl
Event: 1.611 loading class java/nio/channels/Pipe$SinkChannel
Event: 1.611 loading class java/nio/channels/Pipe$SinkChannel done
Event: 1.611 loading class sun/nio/ch/SinkChannelImpl done


Dynamic libraries:
0x0000000140000000 - 0x00000001401dd000 	C:\Program Files\Java\jdk-17\bin\java.exe
0x00007ffd6bca0000 - 0x00007ffd6bf05000 	C:\WINDOWS\SYSTEM32\ntdll.dll
0x00007ffd69c00000 - 0x00007ffd69cc9000 	C:\WINDOWS\System32\KERNEL32.DLL
0x00007ffd68df0000 - 0x00007ffd691d8000 	C:\WINDOWS\System32\KERNELBASE.dll
0x00007ffd698f0000 - 0x00007ffd69a3b000 	C:\WINDOWS\System32\ucrtbase.dll
0x00007ffd4ce90000 - 0x00007ffd4ceab000 	C:\Program Files\Java\jdk-17\bin\VCRUNTIME140.dll
0x00007ffd4ceb0000 - 0x00007ffd4cec9000 	C:\Program Files\Java\jdk-17\bin\jli.dll
0x00007ffd69b30000 - 0x00007ffd69be3000 	C:\WINDOWS\System32\ADVAPI32.dll
0x00007ffd6b790000 - 0x00007ffd6b839000 	C:\WINDOWS\System32\msvcrt.dll
0x00007ffd6b8d0000 - 0x00007ffd6b976000 	C:\WINDOWS\System32\sechost.dll
0x00007ffd6ba30000 - 0x00007ffd6bb45000 	C:\WINDOWS\System32\RPCRT4.dll
0x00007ffd69d80000 - 0x00007ffd69f4a000 	C:\WINDOWS\System32\USER32.dll
0x00007ffd69600000 - 0x00007ffd69627000 	C:\WINDOWS\System32\win32u.dll
0x00007ffd5bc60000 - 0x00007ffd5befa000 	C:\WINDOWS\WinSxS\amd64_microsoft.windows.common-controls_6595b64144ccf1df_6.0.26100.4202_none_3e0698d4e335f517\COMCTL32.dll
0x00007ffd69cd0000 - 0x00007ffd69cfb000 	C:\WINDOWS\System32\GDI32.dll
0x00007ffd69630000 - 0x00007ffd69767000 	C:\WINDOWS\System32\gdi32full.dll
0x00007ffd693d0000 - 0x00007ffd69473000 	C:\WINDOWS\System32\msvcp_win.dll
0x00007ffd60cd0000 - 0x00007ffd60cdb000 	C:\WINDOWS\SYSTEM32\VERSION.dll
0x00007ffd6b9f0000 - 0x00007ffd6ba20000 	C:\WINDOWS\System32\IMM32.DLL
0x00007ffd628a0000 - 0x00007ffd629be000 	C:\WINDOWS\SYSTEM32\WINHTTP.dll
0x00007ffd69480000 - 0x00007ffd695f7000 	C:\WINDOWS\System32\CRYPT32.dll
0x00007ffd620b0000 - 0x00007ffd620d1000 	C:\WINDOWS\SYSTEM32\MPR.dll
0x00007ffd65890000 - 0x00007ffd6589d000 	C:\WINDOWS\SYSTEM32\Secur32.dll
0x00007ffd67e50000 - 0x00007ffd67e99000 	C:\WINDOWS\SYSTEM32\SSPICLI.DLL
0x00007ffd6b980000 - 0x00007ffd6b9ea000 	C:\WINDOWS\System32\SHLWAPI.dll
0x00007ffd676d0000 - 0x00007ffd677f7000 	C:\WINDOWS\SYSTEM32\DNSAPI.dll
0x00007ffd675e0000 - 0x00007ffd67613000 	C:\WINDOWS\SYSTEM32\IPHLPAPI.DLL
0x00007ffd6b840000 - 0x00007ffd6b84a000 	C:\WINDOWS\System32\NSI.dll
0x00007ffd67cd0000 - 0x00007ffd67d06000 	C:\WINDOWS\SYSTEM32\ntmarta.dll
0x00007ffd4ce80000 - 0x00007ffd4ce8c000 	C:\Program Files\Java\jdk-17\bin\vcruntime140_1.dll
0x00007ffce5610000 - 0x00007ffce569e000 	C:\Program Files\Java\jdk-17\bin\msvcp140.dll
0x00007ffcd8860000 - 0x00007ffcd9440000 	C:\Program Files\Java\jdk-17\bin\server\jvm.dll
0x00007ffd6a130000 - 0x00007ffd6a138000 	C:\WINDOWS\System32\PSAPI.DLL
0x00007ffd3c820000 - 0x00007ffd3c82a000 	C:\WINDOWS\SYSTEM32\WSOCK32.dll
0x00007ffd4e950000 - 0x00007ffd4e985000 	C:\WINDOWS\SYSTEM32\WINMM.dll
0x00007ffd6b850000 - 0x00007ffd6b8c4000 	C:\WINDOWS\System32\WS2_32.dll
0x00007ffd67bb0000 - 0x00007ffd67bcb000 	C:\WINDOWS\SYSTEM32\kernel.appcore.dll
0x00007ffd4ce70000 - 0x00007ffd4ce7a000 	C:\Program Files\Java\jdk-17\bin\jimage.dll
0x00007ffd664f0000 - 0x00007ffd66731000 	C:\WINDOWS\SYSTEM32\DBGHELP.DLL
0x00007ffd6b270000 - 0x00007ffd6b5f5000 	C:\WINDOWS\System32\combase.dll
0x00007ffd69a40000 - 0x00007ffd69b21000 	C:\WINDOWS\System32\OLEAUT32.dll
0x00007ffd45ef0000 - 0x00007ffd45f29000 	C:\WINDOWS\SYSTEM32\dbgcore.DLL
0x00007ffd692a0000 - 0x00007ffd69339000 	C:\WINDOWS\System32\bcryptPrimitives.dll
0x00007ffd4cdc0000 - 0x00007ffd4cde5000 	C:\Program Files\Java\jdk-17\bin\java.dll
0x00007ffcdbf80000 - 0x00007ffcdc057000 	C:\Program Files\Java\jdk-17\bin\jsvml.dll
0x00007ffd6a2b0000 - 0x00007ffd6a9f2000 	C:\WINDOWS\System32\SHELL32.dll
0x00007ffd69770000 - 0x00007ffd698e4000 	C:\WINDOWS\System32\wintypes.dll
0x00007ffd66a90000 - 0x00007ffd672e8000 	C:\WINDOWS\SYSTEM32\windows.storage.dll
0x00007ffd6abb0000 - 0x00007ffd6aca1000 	C:\WINDOWS\System32\SHCORE.dll
0x00007ffd68cd0000 - 0x00007ffd68cff000 	C:\WINDOWS\SYSTEM32\profapi.dll
0x00007ffd4cad0000 - 0x00007ffd4cae9000 	C:\Program Files\Java\jdk-17\bin\net.dll
0x0000000180000000 - 0x000000018008c000 	C:\WINDOWS\system32\ASProxy64.dll
0x00007ffd6aa00000 - 0x00007ffd6ab9e000 	C:\WINDOWS\System32\ole32.dll
0x00007ffd68120000 - 0x00007ffd6818a000 	C:\WINDOWS\SYSTEM32\MSWSOCK.dll
0x00007ffd2f3a0000 - 0x00007ffd2f3b6000 	C:\Program Files\Java\jdk-17\bin\nio.dll
0x00007ffd2ed60000 - 0x00007ffd2ed78000 	C:\Program Files\Java\jdk-17\bin\zip.dll
0x00007ffd65ac0000 - 0x00007ffd65b6f000 	C:\WINDOWS\system32\uxtheme.dll
0x00007ffd4cdb0000 - 0x00007ffd4cdbe000 	C:\Program Files\Java\jdk-17\bin\sunmscapi.dll
0x00007ffd68570000 - 0x00007ffd685a0000 	C:\WINDOWS\SYSTEM32\ncrypt.dll
0x00007ffd68520000 - 0x00007ffd6855f000 	C:\WINDOWS\SYSTEM32\NTASN1.dll
0x00007ffd683d0000 - 0x00007ffd683eb000 	C:\WINDOWS\SYSTEM32\CRYPTSP.dll
0x00007ffd67b10000 - 0x00007ffd67b4a000 	C:\WINDOWS\system32\rsaenh.dll
0x00007ffd681c0000 - 0x00007ffd681eb000 	C:\WINDOWS\SYSTEM32\USERENV.dll
0x00007ffd68d10000 - 0x00007ffd68d36000 	C:\WINDOWS\SYSTEM32\bcrypt.dll
0x00007ffd683f0000 - 0x00007ffd683fc000 	C:\WINDOWS\SYSTEM32\CRYPTBASE.dll
0x00007ffd61d50000 - 0x00007ffd61d6f000 	C:\WINDOWS\SYSTEM32\dhcpcsvc6.DLL
0x00007ffd61250000 - 0x00007ffd61275000 	C:\WINDOWS\SYSTEM32\dhcpcsvc.DLL
0x00007ffd4c930000 - 0x00007ffd4c93a000 	C:\Program Files\Java\jdk-17\bin\management.dll
0x00007ffd370f0000 - 0x00007ffd370fb000 	C:\Program Files\Java\jdk-17\bin\management_ext.dll
0x00007ffd5d2d0000 - 0x00007ffd5d2d8000 	C:\WINDOWS\system32\wshunix.dll

dbghelp: loaded successfully - version: 4.0.5 - missing functions: none
symbol engine: initialized successfully - sym options: 0x614 - pdb path: .;C:\Program Files\Java\jdk-17\bin;C:\WINDOWS\SYSTEM32;C:\WINDOWS\WinSxS\amd64_microsoft.windows.common-controls_6595b64144ccf1df_6.0.26100.4202_none_3e0698d4e335f517;C:\Program Files\Java\jdk-17\bin\server

VM Arguments:
jvm_args: -XX:+ShowCodeDetailsInExceptionMessages 
java_command: com.example.restservice.RestServiceApplication
java_class_path (initial): D:\Project\Odoo_dev\odoo\addons\dgii_invoicing\xml_signer\target\classes;C:\Users\Springer\.m2\repository\org\springframework\boot\spring-boot-starter-web\3.3.0\spring-boot-starter-web-3.3.0.jar;C:\Users\Springer\.m2\repository\org\springframework\boot\spring-boot-starter\3.3.0\spring-boot-starter-3.3.0.jar;C:\Users\Springer\.m2\repository\org\springframework\boot\spring-boot\3.3.0\spring-boot-3.3.0.jar;C:\Users\Springer\.m2\repository\org\springframework\boot\spring-boot-autoconfigure\3.3.0\spring-boot-autoconfigure-3.3.0.jar;C:\Users\Springer\.m2\repository\org\springframework\boot\spring-boot-starter-logging\3.3.0\spring-boot-starter-logging-3.3.0.jar;C:\Users\Springer\.m2\repository\ch\qos\logback\logback-classic\1.5.6\logback-classic-1.5.6.jar;C:\Users\Springer\.m2\repository\ch\qos\logback\logback-core\1.5.6\logback-core-1.5.6.jar;C:\Users\Springer\.m2\repository\org\apache\logging\log4j\log4j-to-slf4j\2.23.1\log4j-to-slf4j-2.23.1.jar;C:\Users\Springer\.m2\repository\org\apache\logging\log4j\log4j-api\2.23.1\log4j-api-2.23.1.jar;C:\Users\Springer\.m2\repository\org\slf4j\jul-to-slf4j\2.0.13\jul-to-slf4j-2.0.13.jar;C:\Users\Springer\.m2\repository\jakarta\annotation\jakarta.annotation-api\2.1.1\jakarta.annotation-api-2.1.1.jar;C:\Users\Springer\.m2\repository\org\yaml\snakeyaml\2.2\snakeyaml-2.2.jar;C:\Users\Springer\.m2\repository\org\springframework\boot\spring-boot-starter-json\3.3.0\spring-boot-starter-json-3.3.0.jar;C:\Users\Springer\.m2\repository\com\fasterxml\jackson\core\jackson-databind\2.17.1\jackson-databind-2.17.1.jar;C:\Users\Springer\.m2\repository\com\fasterxml\jackson\core\jackson-annotations\2.17.1\jackson-annotations-2.17.1.jar;C:\Users\Springer\.m2\repository\com\fasterxml\jackson\core\jackson-core\2.17.1\jackson-core-2.17.1.jar;C:\Users\Springer\.m2\repository\com\fasterxml\jackson\datatype\jackson-datatype-jdk8\2.17.1\jackson-datatype-jdk8-2.17.1.jar;C:\Users\Springer\.m2\repository\com\fasterxml\jackson\dataty
Launcher Type: SUN_STANDARD

[Global flags]
     intx CICompilerCount                          = 4                                         {product} {ergonomic}
     uint ConcGCThreads                            = 3                                         {product} {ergonomic}
     uint G1ConcRefinementThreads                  = 10                                        {product} {ergonomic}
   size_t G1HeapRegionSize                         = 2097152                                   {product} {ergonomic}
    uintx GCDrainStackTargetSize                   = 64                                        {product} {ergonomic}
   size_t InitialHeapSize                          = 264241152                                 {product} {ergonomic}
   size_t MarkStackSize                            = 4194304                                   {product} {ergonomic}
   size_t MaxHeapSize                              = 4215275520                                {product} {ergonomic}
   size_t MaxNewSize                               = 2529165312                                {product} {ergonomic}
   size_t MinHeapDeltaBytes                        = 2097152                                   {product} {ergonomic}
   size_t MinHeapSize                              = 8388608                                   {product} {ergonomic}
    uintx NonNMethodCodeHeapSize                   = 5839372                                {pd product} {ergonomic}
    uintx NonProfiledCodeHeapSize                  = 122909434                              {pd product} {ergonomic}
    uintx ProfiledCodeHeapSize                     = 122909434                              {pd product} {ergonomic}
    uintx ReservedCodeCacheSize                    = 251658240                              {pd product} {ergonomic}
     bool SegmentedCodeCache                       = true                                      {product} {ergonomic}
     bool ShowCodeDetailsInExceptionMessages       = true                                   {manageable} {command line}
   size_t SoftMaxHeapSize                          = 4215275520                             {manageable} {ergonomic}
     bool UseCompressedClassPointers               = true                           {product lp64_product} {ergonomic}
     bool UseCompressedOops                        = true                           {product lp64_product} {ergonomic}
     bool UseG1GC                                  = true                                      {product} {ergonomic}
     bool UseLargePagesIndividualAllocation        = false                                  {pd product} {ergonomic}

Logging:
Log output configuration:
 #0: stdout all=warning uptime,level,tags
 #1: stderr all=off uptime,level,tags

Environment Variables:
JAVA_HOME=C:\Program Files\Java\jdk-17
PATH=C:\Program Files (x86)\VMware\VMware Workstation\bin\;C:\Program Files\Common Files\Oracle\Java\javapath;C:\Users\Springer\AppData\Local\Programs\Python\Python310;C:\Users\Springer\AppData\Local\Programs\Python\Python310\Scripts;C:\WINDOWS\system32;C:\WINDOWS;C:\WINDOWS\System32\Wbem;C:\WINDOWS\System32\WindowsPowerShell\v1.0\;C:\WINDOWS\System32\OpenSSH\;C:\Users\Springer\AppData\Local\Programs\Python\Python313;C:\Users\Springer\AppData\Local\Programs\Python\Python313\Scripts;C:\Program Files\Git\cmd;C:\Program Files\PuTTY\;C:\Program Files\wkhtmltopdf\bin;C:\Users\Springer\AppData\Local\Programs\Python\Launcher\;C:\Users\Springer\AppData\Local\Microsoft\WindowsApps;C:\Users\Springer\AppData\Local\Programs\Microsoft VS Code\bin;;c:\Users\Springer\.vscode\extensions\ms-python.debugpy-2025.10.0-win32-x64\bundled\scripts\noConfigScripts
USERNAME=Springer
LANG=en_US.UTF-8
OS=Windows_NT
PROCESSOR_IDENTIFIER=Intel64 Family 6 Model 151 Stepping 5, GenuineIntel



---------------  S Y S T E M  ---------------

OS:
 Windows 11 , 64 bit Build 26100 (10.0.26100.4202)
OS uptime: 0 days 3:16 hours

CPU: total 12 (initial active 12) (6 cores per cpu, 2 threads per core) family 6 model 151 stepping 5 microcode 0x26, cx8, cmov, fxsr, ht, mmx, 3dnowpref, sse, sse2, sse3, ssse3, sse4.1, sse4.2, popcnt, lzcnt, tsc, tscinvbit, avx, avx2, aes, erms, clmul, bmi1, bmi2, adx, sha, fma, vzeroupper, clflush, clflushopt, clwb

Memory: 4k page, system-wide physical 16072M (4323M free)
TotalPageFile size 25288M (AvailPageFile size 9856M)
current process WorkingSet (physical memory assigned to process): 173M, peak: 181M
current process commit charge ("private bytes"): 221M, peak: 411M

vm_info: Java HotSpot(TM) 64-Bit Server VM (17.0.12+8-LTS-286) for windows-amd64 JRE (17.0.12+8-LTS-286), built on Jun  5 2024 06:46:59 by "mach5one" with MS VC++ 17.6 (VS2022)

END.
