#
# A fatal error has been detected by the Java Runtime Environment:
#
#  EXCEPTION_ACCESS_VIOLATION (0xc0000005) at pc=0x000000018000c274, pid=9324, tid=23784
#
# JRE version: Java(TM) SE Runtime Environment (17.0.12+8) (build 17.0.12+8-LTS-286)
# Java VM: Java HotSpot(TM) 64-Bit Server VM (17.0.12+8-LTS-286, mixed mode, sharing, tiered, compressed oops, compressed class ptrs, g1 gc, windows-amd64)
# Problematic frame:
# C  [ASProxy64.dll+0xc274]
#
# No core dump will be written. Minidumps are not enabled by default on client versions of Windows
#
# If you would like to submit a bug report, please visit:
#   https://bugreport.java.com/bugreport/crash.jsp
# The crash happened outside the Java Virtual Machine in native code.
# See problematic frame for where to report the bug.
#

---------------  S U M M A R Y ------------

Command Line: -XX:+ShowCodeDetailsInExceptionMessages com.example.restservice.RestServiceApplication

Host: 12th Gen Intel(R) Core(TM) i5-12500, 12 cores, 15G,  Windows 11 , 64 bit Build 26100 (10.0.26100.4202)
Time: Fri Aug 22 10:20:06 2025 Eastern Daylight Time elapsed time: 1.610069 seconds (0d 0h 0m 1s)

---------------  T H R E A D  ---------------

Current thread (0x00000000033319d0):  JavaThread "main" [_thread_in_native, id=23784, stack(0x00000000029b0000,0x0000000002ab0000)]

Stack: [0x00000000029b0000,0x0000000002ab0000],  sp=0x0000000002aae900,  free space=1018k
Native frames: (J=compiled Java code, j=interpreted, Vv=VM code, C=native code)
C  [ASProxy64.dll+0xc274]

Java frames: (J=compiled Java code, j=interpreted, Vv=VM code)
j  sun.nio.ch.WEPoll.ctl(JIJI)I+0 java.base@17.0.12
j  sun.nio.ch.WEPollSelectorImpl.<init>(Ljava/nio/channels/spi/SelectorProvider;)V+138 java.base@17.0.12
j  sun.nio.ch.WEPollSelectorProvider.openSelector()Ljava/nio/channels/spi/AbstractSelector;+5 java.base@17.0.12
j  java.nio.channels.Selector.open()Ljava/nio/channels/Selector;+3 java.base@17.0.12
j  org.apache.tomcat.util.net.NioEndpoint$Poller.<init>(Lorg/apache/tomcat/util/net/NioEndpoint;)V+48
j  org.apache.tomcat.util.net.NioEndpoint.startInternal()V+145
j  org.apache.tomcat.util.net.AbstractEndpoint.start()V+22
j  org.apache.coyote.AbstractProtocol.start()V+49
j  org.apache.catalina.connector.Connector.startInternal()V+111
j  org.apache.catalina.util.LifecycleBase.start()V+210
j  org.apache.catalina.core.StandardService.addConnector(Lorg/apache/catalina/connector/Connector;)V+91
j  org.springframework.boot.web.embedded.tomcat.TomcatWebServer.addPreviouslyRemovedConnectors()V+84
j  org.springframework.boot.web.embedded.tomcat.TomcatWebServer.start()V+18
j  org.springframework.boot.web.servlet.context.WebServerStartStopLifecycle.start()V+4
j  org.springframework.context.support.DefaultLifecycleProcessor.doStart(Ljava/util/Map;Ljava/lang/String;Z)V+136
j  org.springframework.context.support.DefaultLifecycleProcessor$LifecycleGroup.start()V+94
j  org.springframework.context.support.DefaultLifecycleProcessor$$Lambda$712+0x000000002839c000.accept(Ljava/lang/Object;)V+4
j  java.lang.Iterable.forEach(Ljava/util/function/Consumer;)V+30 java.base@17.0.12
j  org.springframework.context.support.DefaultLifecycleProcessor.startBeans(Z)V+48
j  org.springframework.context.support.DefaultLifecycleProcessor.onRefresh()V+37
j  org.springframework.context.support.AbstractApplicationContext.finishRefresh()V+16
j  org.springframework.context.support.AbstractApplicationContext.refresh()V+98
j  org.springframework.boot.web.servlet.context.ServletWebServerApplicationContext.refresh()V+1
j  org.springframework.boot.SpringApplication.refresh(Lorg/springframework/context/ConfigurableApplicationContext;)V+1
j  org.springframework.boot.SpringApplication.refreshContext(Lorg/springframework/context/ConfigurableApplicationContext;)V+16
j  org.springframework.boot.SpringApplication.run([Ljava/lang/String;)Lorg/springframework/context/ConfigurableApplicationContext;+110
j  org.springframework.boot.SpringApplication.run([Ljava/lang/Class;[Ljava/lang/String;)Lorg/springframework/context/ConfigurableApplicationContext;+9
j  org.springframework.boot.SpringApplication.run(Ljava/lang/Class;[Ljava/lang/String;)Lorg/springframework/context/ConfigurableApplicationContext;+9
j  com.example.restservice.RestServiceApplication.main([Ljava/lang/String;)V+3
v  ~StubRoutines::call_stub

siginfo: EXCEPTION_ACCESS_VIOLATION (0xc0000005), reading address 0x0000000000000838


Registers:
RAX=0x0000000000000000, RBX=0x000000006ed06cd8, RCX=0x000000000000083c, RDX=0x0000000000000002
RSP=0x0000000002aae900, RBP=0x0000000000000838, RSI=0x0000000070a2f7c0, RDI=0x0000000000000838
R8 =0x7ffffffffffffffc, R9 =0x0000000000000000, R10=0x000000000000083c, R11=0x00000000006ed338
R12=0x0000000002aaeb40, R13=0x0000000000000848, R14=0x0000000070a2f790, R15=0x0000000000000848
RIP=0x000000018000c274, EFLAGS=0x0000000000010246


Register to memory mapping:

RIP=0x000000018000c274 ASProxy64.dll
RAX=0x0 is NULL
RBX=0x000000006ed06cd8 points into unknown readable memory: 0x0000000000000000 | 00 00 00 00 00 00 00 00
RCX=0x000000000000083c is an unknown value
RDX=0x0000000000000002 is an unknown value
RSP=0x0000000002aae900 is pointing into the stack for thread: 0x00000000033319d0
RBP=0x0000000000000838 is an unknown value
RSI=0x0000000070a2f7c0 points into unknown readable memory: 0x0000000070a2f7c0 | c0 f7 a2 70 00 00 00 00
RDI=0x0000000000000838 is an unknown value
R8 =0x7ffffffffffffffc is an unknown value
R9 =0x0 is NULL
R10=0x000000000000083c is an unknown value
R11=0x00000000006ed338 points into unknown readable memory: 0x00000000000007d0 | d0 07 00 00 00 00 00 00
R12=0x0000000002aaeb40 is pointing into the stack for thread: 0x00000000033319d0
R13=0x0000000000000848 is an unknown value
R14=0x0000000070a2f790 points into unknown readable memory: 0x0000000000000838 | 38 08 00 00 00 00 00 00
R15=0x0000000000000848 is an unknown value


Top of Stack: (sp=0x0000000002aae900)
0x0000000002aae900:   0000000000000000 0000000000000000
0x0000000002aae910:   0000000000000838 000000018001f4c2
0x0000000002aae920:   0000000180065ec8 0000000000002736
0x0000000002aae930:   0000000000000001 000000000000083c
0x0000000002aae940:   0000000000000838 000000018000c506
0x0000000002aae950:   000000006ed06cd8 0000000000002736
0x0000000002aae960:   0000000000000000 0000000000000008
0x0000000002aae970:   000000000000001e 0000000000000000
0x0000000002aae980:   0000000000000838 0000000000000000
0x0000000002aae990:   0000000000000001 0000000000000000
0x0000000002aae9a0:   0000000000000838 00007ffb76447716
0x0000000002aae9b0:   000000000000083c 0000000000000802
0x0000000002aae9c0:   0000000070a2f7c0 0000000000000000
0x0000000002aae9d0:   0000000000000000 0000000000000000
0x0000000002aae9e0:   0000000000000003 0000000000000001
0x0000000002aae9f0:   0000000000000000 0000000000000000 

Instructions: (pc=0x000000018000c274)
0x000000018000c174:   70 48 8b 6c 24 78 32 c0 48 83 c4 50 41 5c c3 cc
0x000000018000c184:   cc cc cc cc cc cc cc cc cc cc cc cc 48 85 c9 74
0x000000018000c194:   23 8b 05 ad ff 06 00 89 01 8b 05 a9 ff 06 00 89
0x000000018000c1a4:   41 04 8b 05 a4 ff 06 00 89 41 08 8b 05 9f ff 06
0x000000018000c1b4:   00 89 41 0c f3 c3 cc cc cc cc cc cc c6 01 01 c7
0x000000018000c1c4:   02 01 00 00 00 c3 cc cc cc cc cc cc 48 89 5c 24
0x000000018000c1d4:   08 57 48 83 ec 70 48 8b fa 8b d9 48 8d 15 82 73
0x000000018000c1e4:   05 00 48 8d 4c 24 20 45 33 c0 48 c7 44 24 40 0f
0x000000018000c1f4:   00 00 00 48 c7 44 24 38 00 00 00 00 c6 44 24 28
0x000000018000c204:   00 e8 d6 6b ff ff 4c 8d 4c 24 20 48 8d 4c 24 48
0x000000018000c214:   41 b0 01 8b d3 e8 52 06 02 00 48 83 78 20 10 72
0x000000018000c224:   06 48 8b 48 08 eb 05 48 8d 48 08 90 0f b6 01 48
0x000000018000c234:   ff c7 48 ff c1 88 47 ff 84 c0 75 f0 48 83 7c 24
0x000000018000c244:   68 10 72 0a 48 8b 4c 24 50 e8 52 94 03 00 48 8b
0x000000018000c254:   9c 24 80 00 00 00 48 83 c4 70 5f c3 48 83 ec 48
0x000000018000c264:   0f b6 c2 0f 57 c0 0f 11 44 24 ff 25 00 00 00 00
0x000000018000c274:   ae 7e 7f b3 fb 7f 00 00 8b 44 24 04 0f af 04 24
0x000000018000c284:   89 04 24 8b 44 24 04 0f af 04 24 83 c0 01 89 04
0x000000018000c294:   24 8b 44 24 04 0f af 04 24 83 c0 02 89 04 24 8b
0x000000018000c2a4:   44 24 04 0f af 04 24 83 c0 03 89 04 24 8b 44 24
0x000000018000c2b4:   04 0f af 04 24 83 c0 04 89 04 24 8b 44 24 04 0f
0x000000018000c2c4:   af 04 24 83 c0 05 89 04 24 8b 44 24 04 0f af 04
0x000000018000c2d4:   24 83 c0 06 89 04 24 8b 44 24 04 0f af 04 24 83
0x000000018000c2e4:   c0 07 89 04 24 8b 44 24 04 0f af 04 24 83 c0 08
0x000000018000c2f4:   89 04 24 8b 44 24 04 0f af 04 24 83 c0 09 89 04
0x000000018000c304:   24 8b 44 24 04 0f af 04 24 83 c0 0a 89 04 24 8b
0x000000018000c314:   44 24 04 0f af 04 24 83 c0 0b 89 04 24 8b 44 24
0x000000018000c324:   04 0f af 04 24 83 c0 0d 89 04 24 8b 44 24 04 0f
0x000000018000c334:   af 04 24 83 c0 0e 89 04 24 8b 44 24 04 0f af 04
0x000000018000c344:   24 83 c0 0f 89 04 24 8b 44 24 04 0f af 04 24 83
0x000000018000c354:   c0 10 89 04 24 8b 44 24 04 0f af 04 24 83 c0 11
0x000000018000c364:   89 04 24 8b 44 24 04 0f af 04 24 83 c0 12 89 04 


Stack slot to memory mapping:
stack at sp + 0 slots: 0x0 is NULL
stack at sp + 1 slots: 0x0 is NULL
stack at sp + 2 slots: 0x0000000000000838 is an unknown value
stack at sp + 3 slots: 0x000000018001f4c2 ASProxy64.dll
stack at sp + 4 slots: 0x0000000180065ec8 ASProxy64.dll
stack at sp + 5 slots: 0x0000000000002736 is an unknown value
stack at sp + 6 slots: 0x0000000000000001 is an unknown value
stack at sp + 7 slots: 0x000000000000083c is an unknown value


---------------  P R O C E S S  ---------------

Threads class SMR info:
_java_thread_list=0x000000007137b6f0, length=27, elements={
0x00000000033319d0, 0x00000000238fc740, 0x00000000238fd010, 0x0000000023914840,
0x0000000023915110, 0x000000002391a570, 0x0000000023923250, 0x000000002392df20,
0x0000000023934d50, 0x0000000023935660, 0x000000002698cc10, 0x000000002699d560,
0x0000000026a5e800, 0x000000006ebdc860, 0x000000007125ec00, 0x000000006eeb6130,
0x0000000070733430, 0x00000000712a6f00, 0x00000000712a73e0, 0x000000006ebfc240,
0x000000006ebfcc60, 0x000000006ebfb310, 0x000000006ebfc750, 0x000000006ebfd680,
0x000000006ebfd170, 0x000000006ebf9ed0, 0x000000006ebfa3e0
}

Java Threads: ( => current thread )
=>0x00000000033319d0 JavaThread "main" [_thread_in_native, id=23784, stack(0x00000000029b0000,0x0000000002ab0000)]
  0x00000000238fc740 JavaThread "Reference Handler" daemon [_thread_blocked, id=23896, stack(0x0000000026cf0000,0x0000000026df0000)]
  0x00000000238fd010 JavaThread "Finalizer" daemon [_thread_blocked, id=23820, stack(0x0000000026df0000,0x0000000026ef0000)]
  0x0000000023914840 JavaThread "Signal Dispatcher" daemon [_thread_blocked, id=23832, stack(0x000000006c010000,0x000000006c110000)]
  0x0000000023915110 JavaThread "Attach Listener" daemon [_thread_blocked, id=23816, stack(0x000000006c110000,0x000000006c210000)]
  0x000000002391a570 JavaThread "Service Thread" daemon [_thread_blocked, id=23808, stack(0x000000006c210000,0x000000006c310000)]
  0x0000000023923250 JavaThread "Monitor Deflation Thread" daemon [_thread_blocked, id=23804, stack(0x000000006c310000,0x000000006c410000)]
  0x000000002392df20 JavaThread "C2 CompilerThread0" daemon [_thread_blocked, id=23776, stack(0x000000006c410000,0x000000006c510000)]
  0x0000000023934d50 JavaThread "C1 CompilerThread0" daemon [_thread_blocked, id=23848, stack(0x000000006c510000,0x000000006c610000)]
  0x0000000023935660 JavaThread "Sweeper thread" daemon [_thread_blocked, id=23852, stack(0x000000006c610000,0x000000006c710000)]
  0x000000002698cc10 JavaThread "Notification Thread" daemon [_thread_blocked, id=23856, stack(0x000000006c710000,0x000000006c810000)]
  0x000000002699d560 JavaThread "Common-Cleaner" daemon [_thread_blocked, id=23732, stack(0x000000006c910000,0x000000006ca10000)]
  0x0000000026a5e800 JavaThread "C2 CompilerThread1" daemon [_thread_blocked, id=23800, stack(0x000000006dbe0000,0x000000006dce0000)]
  0x000000006ebdc860 JavaThread "C2 CompilerThread2" daemon [_thread_in_native, id=22272, stack(0x0000000070130000,0x0000000070230000)]
  0x000000007125ec00 JavaThread "Catalina-utility-1" [_thread_blocked, id=24288, stack(0x00000000724c0000,0x00000000725c0000)]
  0x000000006eeb6130 JavaThread "Catalina-utility-2" [_thread_blocked, id=24260, stack(0x0000000070230000,0x0000000070330000)]
  0x0000000070733430 JavaThread "http-nio-8080-exec-1" daemon [_thread_blocked, id=21468, stack(0x0000000072740000,0x0000000072840000)]
  0x00000000712a6f00 JavaThread "http-nio-8080-exec-2" daemon [_thread_blocked, id=19584, stack(0x0000000072840000,0x0000000072940000)]
  0x00000000712a73e0 JavaThread "http-nio-8080-exec-3" daemon [_thread_blocked, id=19680, stack(0x0000000072940000,0x0000000072a40000)]
  0x000000006ebfc240 JavaThread "http-nio-8080-exec-4" daemon [_thread_blocked, id=18860, stack(0x0000000072a40000,0x0000000072b40000)]
  0x000000006ebfcc60 JavaThread "http-nio-8080-exec-5" daemon [_thread_blocked, id=18624, stack(0x0000000073b90000,0x0000000073c90000)]
  0x000000006ebfb310 JavaThread "http-nio-8080-exec-6" daemon [_thread_blocked, id=11524, stack(0x0000000073c90000,0x0000000073d90000)]
  0x000000006ebfc750 JavaThread "http-nio-8080-exec-7" daemon [_thread_blocked, id=4984, stack(0x0000000073d90000,0x0000000073e90000)]
  0x000000006ebfd680 JavaThread "http-nio-8080-exec-8" daemon [_thread_blocked, id=22984, stack(0x0000000073e90000,0x0000000073f90000)]
  0x000000006ebfd170 JavaThread "http-nio-8080-exec-9" daemon [_thread_blocked, id=24364, stack(0x0000000073f90000,0x0000000074090000)]
  0x000000006ebf9ed0 JavaThread "http-nio-8080-exec-10" daemon [_thread_blocked, id=24360, stack(0x0000000074090000,0x0000000074190000)]
  0x000000006ebfa3e0 JavaThread "container-0" [_thread_blocked, id=24468, stack(0x0000000074190000,0x0000000074290000)]

Other Threads:
  0x00000000238f8440 VMThread "VM Thread" [stack: 0x0000000026bf0000,0x0000000026cf0000] [id=21756]
  0x0000000023755730 WatcherThread [stack: 0x000000006c810000,0x000000006c910000] [id=23860]
  0x00000000033a7530 GCTaskThread "GC Thread#0" [stack: 0x0000000023640000,0x0000000023740000] [id=22604]
  0x000000006e0637b0 GCTaskThread "GC Thread#1" [stack: 0x000000006f610000,0x000000006f710000] [id=24032]
  0x000000006e063e80 GCTaskThread "GC Thread#2" [stack: 0x000000006f710000,0x000000006f810000] [id=21112]
  0x000000006e064140 GCTaskThread "GC Thread#3" [stack: 0x000000006f810000,0x000000006f910000] [id=21816]
  0x000000006e3a6440 GCTaskThread "GC Thread#4" [stack: 0x000000006f910000,0x000000006fa10000] [id=23972]
  0x000000006e3a6f10 GCTaskThread "GC Thread#5" [stack: 0x000000006fa10000,0x000000006fb10000] [id=19836]
  0x000000006ebe1bc0 GCTaskThread "GC Thread#6" [stack: 0x000000006fc10000,0x000000006fd10000] [id=23588]
  0x000000006e879be0 GCTaskThread "GC Thread#7" [stack: 0x000000006fd10000,0x000000006fe10000] [id=21056]
  0x000000006ec01460 GCTaskThread "GC Thread#8" [stack: 0x000000006fe10000,0x000000006ff10000] [id=24456]
  0x000000006f09f990 GCTaskThread "GC Thread#9" [stack: 0x000000006ff10000,0x0000000070010000] [id=15368]
  0x000000002374bd10 ConcurrentGCThread "G1 Main Marker" [stack: 0x0000000023940000,0x0000000023a40000] [id=23744]
  0x000000002374ccd0 ConcurrentGCThread "G1 Conc#0" [stack: 0x0000000023a40000,0x0000000023b40000] [id=23768]
  0x0000000071561d10 ConcurrentGCThread "G1 Conc#1" [stack: 0x000000006fb10000,0x000000006fc10000] [id=12976]
  0x0000000070851e80 ConcurrentGCThread "G1 Conc#2" [stack: 0x0000000070010000,0x0000000070110000] [id=15184]
  0x0000000023830330 ConcurrentGCThread "G1 Refine#0" [stack: 0x00000000265f0000,0x00000000266f0000] [id=23716]
  0x0000000023831a20 ConcurrentGCThread "G1 Service" [stack: 0x00000000266f0000,0x00000000267f0000] [id=19872]

Threads with active compile tasks:
C2 CompilerThread2     1703 3470       4       org.springframework.core.annotation.TypeMappedAnnotations::get (8 bytes)

VM state: not at safepoint (normal execution)

VM Mutex/Monitor currently owned by a thread: None

Heap address: 0x0000000704c00000, size: 4020 MB, Compressed Oops mode: Zero based, Oop shift amount: 3

CDS archive(s) mapped at: [0x0000000027000000-0x0000000027bd0000-0x0000000027bd0000), size 12386304, SharedBaseAddress: 0x0000000027000000, ArchiveRelocationMode: 1.
Compressed class space mapped at: 0x0000000028000000-0x0000000068000000, reserved size: 1073741824
Narrow klass base: 0x0000000027000000, Narrow klass shift: 0, Narrow klass range: 0x100000000

GC Precious Log:
 CPUs: 12 total, 12 available
 Memory: 16072M
 Large Page Support: Disabled
 NUMA Support: Disabled
 Compressed Oops: Enabled (Zero based)
 Heap Region Size: 2M
 Heap Min Capacity: 8M
 Heap Initial Capacity: 252M
 Heap Max Capacity: 4020M
 Pre-touch: Disabled
 Parallel Workers: 10
 Concurrent Workers: 3
 Concurrent Refinement Workers: 10
 Periodic GC: Disabled

Heap:
 garbage-first heap   total 49152K, used 21636K [0x0000000704c00000, 0x0000000800000000)
  region size 2048K, 6 young (12288K), 1 survivors (2048K)
 Metaspace       used 27715K, committed 28160K, reserved 1114112K
  class space    used 3488K, committed 3712K, reserved 1048576K

Heap Regions: E=young(eden), S=young(survivor), O=old, HS=humongous(starts), HC=humongous(continues), CS=collection set, F=free, OA=open archive, CA=closed archive, TAMS=top-at-mark-start (previous, next)
|   0|0x0000000704c00000, 0x0000000704e00000, 0x0000000704e00000|100%| O|  |TAMS 0x0000000704e00000, 0x0000000704c00000| Untracked 
|   1|0x0000000704e00000, 0x0000000705000000, 0x0000000705000000|100%| O|  |TAMS 0x0000000705000000, 0x0000000704e00000| Untracked 
|   2|0x0000000705000000, 0x0000000705000000, 0x0000000705200000|  0%| F|  |TAMS 0x0000000705000000, 0x0000000705000000| Untracked 
|   3|0x0000000705200000, 0x0000000705200000, 0x0000000705400000|  0%| F|  |TAMS 0x0000000705200000, 0x0000000705200000| Untracked 
|   4|0x0000000705400000, 0x0000000705400000, 0x0000000705600000|  0%| F|  |TAMS 0x0000000705400000, 0x0000000705400000| Untracked 
|   5|0x0000000705600000, 0x0000000705600000, 0x0000000705800000|  0%| F|  |TAMS 0x0000000705600000, 0x0000000705600000| Untracked 
|   6|0x0000000705800000, 0x0000000705800000, 0x0000000705a00000|  0%| F|  |TAMS 0x0000000705800000, 0x0000000705800000| Untracked 
|   7|0x0000000705a00000, 0x0000000705a00000, 0x0000000705c00000|  0%| F|  |TAMS 0x0000000705a00000, 0x0000000705a00000| Untracked 
|   8|0x0000000705c00000, 0x0000000705e00000, 0x0000000705e00000|100%| O|  |TAMS 0x0000000705c00000, 0x0000000705c00000| Untracked 
|   9|0x0000000705e00000, 0x0000000706000000, 0x0000000706000000|100%| O|  |TAMS 0x0000000705e00000, 0x0000000705e00000| Untracked 
|  10|0x0000000706000000, 0x0000000706200000, 0x0000000706200000|100%| O|  |TAMS 0x0000000706000000, 0x0000000706000000| Untracked 
|  11|0x0000000706200000, 0x00000007063c3400, 0x0000000706400000| 88%| O|  |TAMS 0x0000000706200000, 0x0000000706200000| Untracked 
|  12|0x0000000706400000, 0x0000000706400000, 0x0000000706600000|  0%| F|  |TAMS 0x0000000706400000, 0x0000000706400000| Untracked 
|  13|0x0000000706600000, 0x0000000706600000, 0x0000000706800000|  0%| F|  |TAMS 0x0000000706600000, 0x0000000706600000| Untracked 
|  14|0x0000000706800000, 0x0000000706800000, 0x0000000706a00000|  0%| F|  |TAMS 0x0000000706800000, 0x0000000706800000| Untracked 
|  15|0x0000000706a00000, 0x0000000706a00000, 0x0000000706c00000|  0%| F|  |TAMS 0x0000000706a00000, 0x0000000706a00000| Untracked 
|  16|0x0000000706c00000, 0x0000000706c00000, 0x0000000706e00000|  0%| F|  |TAMS 0x0000000706c00000, 0x0000000706c00000| Untracked 
|  17|0x0000000706e00000, 0x0000000706e00000, 0x0000000707000000|  0%| F|  |TAMS 0x0000000706e00000, 0x0000000706e00000| Untracked 
|  18|0x0000000707000000, 0x0000000707072f80, 0x0000000707200000| 22%| E|  |TAMS 0x0000000707000000, 0x0000000707000000| Complete 
|  19|0x0000000707200000, 0x0000000707400000, 0x0000000707400000|100%| E|CS|TAMS 0x0000000707200000, 0x0000000707200000| Complete 
| 100|0x0000000711400000, 0x0000000711600000, 0x0000000711600000|100%| E|CS|TAMS 0x0000000711400000, 0x0000000711400000| Complete 
| 101|0x0000000711600000, 0x0000000711800000, 0x0000000711800000|100%| E|CS|TAMS 0x0000000711600000, 0x0000000711600000| Complete 
| 102|0x0000000711800000, 0x000000071195dd40, 0x0000000711a00000| 68%| S|CS|TAMS 0x0000000711800000, 0x0000000711800000| Complete 
| 125|0x0000000714600000, 0x0000000714800000, 0x0000000714800000|100%| E|CS|TAMS 0x0000000714600000, 0x0000000714600000| Complete 

Card table byte_map: [0x000000001a8e0000,0x000000001b0c0000] _byte_map_base: 0x00000000170ba000

Marking Bits (Prev, Next): (CMBitMap*) 0x00000000033a79a0, (CMBitMap*) 0x00000000033a7960
 Prev Bits: [0x000000001f770000, 0x0000000023640000)
 Next Bits: [0x000000001b8a0000, 0x000000001f770000)

Polling page: 0x0000000002ab0000

Metaspace:

Usage:
  Non-class:     23.66 MB used.
      Class:      3.41 MB used.
       Both:     27.07 MB used.

Virtual space:
  Non-class space:       64.00 MB reserved,      23.88 MB ( 37%) committed,  1 nodes.
      Class space:        1.00 GB reserved,       3.62 MB ( <1%) committed,  1 nodes.
             Both:        1.06 GB reserved,      27.50 MB (  3%) committed. 

Chunk freelists:
   Non-Class:  8.06 MB
       Class:  12.39 MB
        Both:  20.45 MB

MaxMetaspaceSize: unlimited
CompressedClassSpaceSize: 1.00 GB
Initial GC threshold: 21.00 MB
Current GC threshold: 35.25 MB
CDS: on
MetaspaceReclaimPolicy: balanced
 - commit_granule_bytes: 65536.
 - commit_granule_words: 8192.
 - virtual_space_node_default_size: 8388608.
 - enlarge_chunks_in_place: 1.
 - new_chunks_are_fully_committed: 0.
 - uncommit_free_chunks: 1.
 - use_allocation_guard: 0.
 - handle_deallocations: 1.


Internal statistics:

num_allocs_failed_limit: 3.
num_arena_births: 562.
num_arena_deaths: 0.
num_vsnodes_births: 2.
num_vsnodes_deaths: 0.
num_space_committed: 440.
num_space_uncommitted: 0.
num_chunks_returned_to_freelist: 3.
num_chunks_taken_from_freelist: 1553.
num_chunk_merges: 3.
num_chunk_splits: 1058.
num_chunks_enlarged: 770.
num_inconsistent_stats: 0.

CodeHeap 'non-profiled nmethods': size=120000Kb used=1986Kb max_used=1986Kb free=118013Kb
 bounds [0x0000000012670000, 0x00000000128e0000, 0x0000000019ba0000]
CodeHeap 'profiled nmethods': size=120000Kb used=7413Kb max_used=7413Kb free=112586Kb
 bounds [0x000000000aba0000, 0x000000000b2e0000, 0x00000000120d0000]
CodeHeap 'non-nmethods': size=5760Kb used=1226Kb max_used=1281Kb free=4533Kb
 bounds [0x00000000120d0000, 0x0000000012340000, 0x0000000012670000]
 total_blobs=4086 nmethods=3556 adapters=441
 compilation: enabled
              stopped_count=0, restarted_count=0
 full_count=0

Compilation events (20 events):
Event: 1.562 Thread 0x000000006ebdc860 3477       4       java.lang.Class::getInterfaces (49 bytes)
Event: 1.564 Thread 0x0000000023934d50 3551       3       jdk.internal.loader.URLClassPath$FileLoader::findResource (18 bytes)
Event: 1.564 Thread 0x0000000023934d50 nmethod 3551 0x000000000b2d7990 code [0x000000000b2d7b40, 0x000000000b2d7db8]
Event: 1.568 Thread 0x000000002392df20 nmethod 3465 0x0000000012847d10 code [0x0000000012848180, 0x000000001284b660]
Event: 1.568 Thread 0x000000002392df20 3471       4       org.springframework.core.annotation.AnnotationFilter::matches (11 bytes)
Event: 1.570 Thread 0x000000006ebdc860 nmethod 3477 0x000000001284db90 code [0x000000001284dd60, 0x000000001284e7e8]
Event: 1.571 Thread 0x000000006ebdc860 3470       4       org.springframework.core.annotation.TypeMappedAnnotations::get (8 bytes)
Event: 1.573 Thread 0x000000002392df20 nmethod 3471 0x000000001284eb90 code [0x000000001284ed20, 0x000000001284f0c8]
Event: 1.573 Thread 0x000000002392df20 3472       4       java.security.CodeSource::getCertificates (98 bytes)
Event: 1.573 Thread 0x000000002392df20 nmethod 3472 0x000000001284f410 code [0x000000001284f580, 0x000000001284f638]
Event: 1.573 Thread 0x000000002392df20 3497       4       java.util.Arrays$ArrayList::size (6 bytes)
Event: 1.574 Thread 0x000000002392df20 nmethod 3497 0x000000001284f710 code [0x000000001284f880, 0x000000001284f918]
Event: 1.604 Thread 0x0000000023934d50 3552       3       sun.security.provider.DigestBase::engineUpdate (189 bytes)
Event: 1.604 Thread 0x0000000023934d50 nmethod 3552 0x000000000b2d7e90 code [0x000000000b2d8100, 0x000000000b2d8dd8]
Event: 1.604 Thread 0x0000000023934d50 3554       3       java.lang.invoke.VarHandleGuards::guard_LII_V (137 bytes)
Event: 1.605 Thread 0x000000002392df20 3557       4       jdk.internal.misc.Unsafe::convEndian (16 bytes)
Event: 1.605 Thread 0x0000000023934d50 nmethod 3554 0x000000000b2d9110 code [0x000000000b2d9560, 0x000000000b2dc1f8]
Event: 1.605 Thread 0x0000000023934d50 3555       3       java.lang.invoke.VarHandleByteArrayAsInts$ArrayHandle::set (39 bytes)
Event: 1.605 Thread 0x000000002392df20 nmethod 3557 0x0000000012850110 code [0x0000000012850280, 0x00000000128502f8]
Event: 1.605 Thread 0x0000000023934d50 nmethod 3555 0x000000000b2dce90 code [0x000000000b2dd080, 0x000000000b2dd5b8]

GC Heap History (10 events):
Event: 0.546 GC heap before
{Heap before GC invocations=0 (full 0):
 garbage-first heap   total 258048K, used 20480K [0x0000000704c00000, 0x0000000800000000)
  region size 2048K, 11 young (22528K), 0 survivors (0K)
 Metaspace       used 6439K, committed 6656K, reserved 1114112K
  class space    used 794K, committed 896K, reserved 1048576K
}
Event: 0.548 GC heap after
{Heap after GC invocations=1 (full 0):
 garbage-first heap   total 258048K, used 4376K [0x0000000704c00000, 0x0000000800000000)
  region size 2048K, 2 young (4096K), 2 survivors (4096K)
 Metaspace       used 6439K, committed 6656K, reserved 1114112K
  class space    used 794K, committed 896K, reserved 1048576K
}
Event: 0.719 GC heap before
{Heap before GC invocations=1 (full 0):
 garbage-first heap   total 258048K, used 31000K [0x0000000704c00000, 0x0000000800000000)
  region size 2048K, 16 young (32768K), 2 survivors (4096K)
 Metaspace       used 13614K, committed 13888K, reserved 1114112K
  class space    used 1678K, committed 1792K, reserved 1048576K
}
Event: 0.722 GC heap after
{Heap after GC invocations=2 (full 0):
 garbage-first heap   total 258048K, used 6514K [0x0000000704c00000, 0x0000000800000000)
  region size 2048K, 2 young (4096K), 2 survivors (4096K)
 Metaspace       used 13614K, committed 13888K, reserved 1114112K
  class space    used 1678K, committed 1792K, reserved 1048576K
}
Event: 1.141 GC heap before
{Heap before GC invocations=2 (full 0):
 garbage-first heap   total 258048K, used 47474K [0x0000000704c00000, 0x0000000800000000)
  region size 2048K, 23 young (47104K), 2 survivors (4096K)
 Metaspace       used 21122K, committed 21504K, reserved 1114112K
  class space    used 2656K, committed 2816K, reserved 1048576K
}
Event: 1.143 GC heap after
{Heap after GC invocations=3 (full 0):
 garbage-first heap   total 258048K, used 10361K [0x0000000704c00000, 0x0000000800000000)
  region size 2048K, 3 young (6144K), 3 survivors (6144K)
 Metaspace       used 21122K, committed 21504K, reserved 1114112K
  class space    used 2656K, committed 2816K, reserved 1048576K
}
Event: 1.452 GC heap before
{Heap before GC invocations=4 (full 0):
 garbage-first heap   total 49152K, used 34937K [0x0000000704c00000, 0x0000000800000000)
  region size 2048K, 16 young (32768K), 3 survivors (6144K)
 Metaspace       used 25631K, committed 26112K, reserved 1114112K
  class space    used 3225K, committed 3456K, reserved 1048576K
}
Event: 1.456 GC heap after
{Heap after GC invocations=5 (full 0):
 garbage-first heap   total 49152K, used 12601K [0x0000000704c00000, 0x0000000800000000)
  region size 2048K, 5 young (10240K), 5 survivors (10240K)
 Metaspace       used 25631K, committed 26112K, reserved 1114112K
  class space    used 3225K, committed 3456K, reserved 1048576K
}
Event: 1.481 GC heap before
{Heap before GC invocations=5 (full 0):
 garbage-first heap   total 49152K, used 14649K [0x0000000704c00000, 0x0000000800000000)
  region size 2048K, 6 young (12288K), 5 survivors (10240K)
 Metaspace       used 25965K, committed 26368K, reserved 1114112K
  class space    used 3264K, committed 3456K, reserved 1048576K
}
Event: 1.483 GC heap after
{Heap after GC invocations=6 (full 0):
 garbage-first heap   total 49152K, used 13444K [0x0000000704c00000, 0x0000000800000000)
  region size 2048K, 1 young (2048K), 1 survivors (2048K)
 Metaspace       used 25965K, committed 26368K, reserved 1114112K
  class space    used 3264K, committed 3456K, reserved 1048576K
}

Deoptimization events (20 events):
Event: 1.442 Thread 0x00000000033319d0 DEOPT PACKING pc=0x00000000128211d8 sp=0x0000000002aae9e0
Event: 1.442 Thread 0x00000000033319d0 DEOPT UNPACKING pc=0x00000000121223a3 sp=0x0000000002aae970 mode 2
Event: 1.456 Thread 0x00000000033319d0 Uncommon trap: trap_request=0xffffff45 fr.pc=0x00000000127f5880 relative=0x0000000000005380
Event: 1.456 Thread 0x00000000033319d0 Uncommon trap: reason=unstable_if action=reinterpret pc=0x00000000127f5880 method=org.springframework.beans.factory.support.AbstractBeanFactory.isTypeMatch(Ljava/lang/String;Lorg/springframework/core/ResolvableType;Z)Z @ 79 c2
Event: 1.456 Thread 0x00000000033319d0 DEOPT PACKING pc=0x00000000127f5880 sp=0x0000000002aae740
Event: 1.456 Thread 0x00000000033319d0 DEOPT UNPACKING pc=0x00000000121223a3 sp=0x0000000002aae748 mode 2
Event: 1.478 Thread 0x00000000033319d0 DEOPT PACKING pc=0x000000000afee4f4 sp=0x0000000002aa9d30
Event: 1.478 Thread 0x00000000033319d0 DEOPT UNPACKING pc=0x0000000012122b43 sp=0x0000000002aa9208 mode 0
Event: 1.543 Thread 0x00000000033319d0 Uncommon trap: trap_request=0xffffff45 fr.pc=0x00000000127cc538 relative=0x0000000000000a38
Event: 1.543 Thread 0x00000000033319d0 Uncommon trap: reason=unstable_if action=reinterpret pc=0x00000000127cc538 method=org.springframework.beans.factory.support.DefaultSingletonBeanRegistry.getSingleton(Ljava/lang/String;Z)Ljava/lang/Object; @ 39 c2
Event: 1.543 Thread 0x00000000033319d0 DEOPT PACKING pc=0x00000000127cc538 sp=0x0000000002aae570
Event: 1.543 Thread 0x00000000033319d0 DEOPT UNPACKING pc=0x00000000121223a3 sp=0x0000000002aae508 mode 2
Event: 1.545 Thread 0x00000000033319d0 Uncommon trap: trap_request=0xffffff76 fr.pc=0x0000000012831664 relative=0x0000000000000824
Event: 1.545 Thread 0x00000000033319d0 Uncommon trap: reason=predicate action=maybe_recompile pc=0x0000000012831664 method=java.util.AbstractCollection.toArray([Ljava/lang/Object;)[Ljava/lang/Object; @ 43 c2
Event: 1.546 Thread 0x00000000033319d0 DEOPT PACKING pc=0x0000000012831664 sp=0x0000000002aad700
Event: 1.546 Thread 0x00000000033319d0 DEOPT UNPACKING pc=0x00000000121223a3 sp=0x0000000002aad6c8 mode 2
Event: 1.561 Thread 0x00000000033319d0 Uncommon trap: trap_request=0xffffff45 fr.pc=0x00000000126cd0e0 relative=0x0000000000000060
Event: 1.561 Thread 0x00000000033319d0 Uncommon trap: reason=unstable_if action=reinterpret pc=0x00000000126cd0e0 method=org.springframework.util.ConcurrentReferenceHashMap$Segment.clear()V @ 7 c2
Event: 1.561 Thread 0x00000000033319d0 DEOPT PACKING pc=0x00000000126cd0e0 sp=0x0000000002aaf3c0
Event: 1.561 Thread 0x00000000033319d0 DEOPT UNPACKING pc=0x00000000121223a3 sp=0x0000000002aaf350 mode 2

Classes unloaded (0 events):
No events

Classes redefined (0 events):
No events

Internal exceptions (20 events):
Event: 1.144 Thread 0x00000000033319d0 Exception <a 'java/lang/NoSuchMethodError'{0x0000000714600768}: 'void java.lang.invoke.DirectMethodHandle$Holder.invokeVirtual(java.lang.Object, java.lang.Object, int)'> (0x0000000714600768) 
thrown [s\open\src\hotspot\share\interpreter\linkResolver.cpp, line 759]
Event: 1.145 Thread 0x00000000033319d0 Exception <a 'java/lang/NoSuchMethodError'{0x0000000714606a50}: 'void java.lang.invoke.DirectMethodHandle$Holder.invokeStatic(java.lang.Object, java.lang.Object, java.lang.Object, int, java.lang.Object)'> (0x0000000714606a50) 
thrown [s\open\src\hotspot\share\interpreter\linkResolver.cpp, line 759]
Event: 1.145 Thread 0x00000000033319d0 Exception <a 'java/lang/NoSuchMethodError'{0x000000071460df58}: 'java.lang.Object java.lang.invoke.DirectMethodHandle$Holder.newInvokeSpecial(java.lang.Object, java.lang.Object, java.lang.Object, int)'> (0x000000071460df58) 
thrown [s\open\src\hotspot\share\interpreter\linkResolver.cpp, line 759]
Event: 1.145 Thread 0x00000000033319d0 Exception <a 'java/lang/NoSuchMethodError'{0x0000000714612240}: 'java.lang.Object java.lang.invoke.DirectMethodHandle$Holder.invokeSpecial(java.lang.Object, java.lang.Object, java.lang.Object, java.lang.Object, int)'> (0x0000000714612240) 
thrown [s\open\src\hotspot\share\interpreter\linkResolver.cpp, line 759]
Event: 1.145 Thread 0x00000000033319d0 Exception <a 'java/lang/NoSuchMethodError'{0x0000000714615e08}: 'java.lang.Object java.lang.invoke.Invokers$Holder.linkToTargetMethod(java.lang.Object, java.lang.Object, int, java.lang.Object)'> (0x0000000714615e08) 
thrown [s\open\src\hotspot\share\interpreter\linkResolver.cpp, line 759]
Event: 1.177 Thread 0x00000000033319d0 Exception <a 'java/lang/NoSuchMethodError'{0x00000007070406a8}: 'java.lang.Object java.lang.invoke.DirectMethodHandle$Holder.invokeStaticInit(java.lang.Object, int, int, int, int)'> (0x00000007070406a8) 
thrown [s\open\src\hotspot\share\interpreter\linkResolver.cpp, line 759]
Event: 1.208 Thread 0x00000000033319d0 Exception <a 'java/lang/NoSuchMethodError'{0x0000000707127d40}: 'java.lang.Object java.lang.invoke.DirectMethodHandle$Holder.invokeStaticInit(java.lang.Object, java.lang.Object, int, int, int, int)'> (0x0000000707127d40) 
thrown [s\open\src\hotspot\share\interpreter\linkResolver.cpp, line 759]
Event: 1.273 Thread 0x00000000033319d0 Exception <a 'java/lang/NoSuchMethodError'{0x0000000706a07cb8}: 'java.lang.Object java.lang.invoke.DirectMethodHandle$Holder.invokeSpecial(java.lang.Object, java.lang.Object, long, java.lang.Object, java.lang.Object, java.lang.Object, java.lang.Object, java.lang.Object, java.lang.Object)'> (0x0000000706a07cb8) 
thrown [s\open\src\hotspot\share\interpreter\linkResolver.cpp, line 759]
Event: 1.273 Thread 0x00000000033319d0 Exception <a 'java/lang/NoSuchMethodError'{0x0000000706a0c7e0}: 'java.lang.Object java.lang.invoke.DelegatingMethodHandle$Holder.reinvoke_L(java.lang.Object, long, java.lang.Object, java.lang.Object, java.lang.Object, java.lang.Object, java.lang.Object, java.lang.Object)'> (0x0000000706a0c7e0) 
thrown [s\open\src\hotspot\share\interpreter\linkResolver.cpp, line 759]
Event: 1.344 Thread 0x00000000033319d0 Exception <a 'java/io/FileNotFoundException'{0x0000000706b59940}> (0x0000000706b59940) 
thrown [s\open\src\hotspot\share\prims\jni.cpp, line 516]
Event: 1.355 Thread 0x00000000033319d0 Exception <a 'java/lang/NoSuchMethodError'{0x0000000706877de8}: 'int java.lang.invoke.DirectMethodHandle$Holder.invokeInterface(java.lang.Object, java.lang.Object, java.lang.Object, java.lang.Object)'> (0x0000000706877de8) 
thrown [s\open\src\hotspot\share\interpreter\linkResolver.cpp, line 759]
Event: 1.377 Thread 0x00000000033319d0 Exception <a 'java/lang/NoSuchMethodError'{0x0000000706625910}: 'long java.lang.invoke.DirectMethodHandle$Holder.invokeVirtual(java.lang.Object, java.lang.Object)'> (0x0000000706625910) 
thrown [s\open\src\hotspot\share\interpreter\linkResolver.cpp, line 759]
Event: 1.489 Thread 0x00000000033319d0 Exception <a 'sun/nio/fs/WindowsException'{0x000000071469d308}> (0x000000071469d308) 
thrown [s\open\src\hotspot\share\prims\jni.cpp, line 516]
Event: 1.503 Thread 0x00000000033319d0 Exception <a 'java/lang/IncompatibleClassChangeError'{0x0000000711623f40}: Found class java.lang.Object, but interface was expected> (0x0000000711623f40) 
thrown [s\open\src\hotspot\share\interpreter\linkResolver.cpp, line 826]
Event: 1.515 Thread 0x00000000033319d0 Exception <a 'java/lang/NoSuchMethodError'{0x0000000711748f00}: 'void java.lang.invoke.DirectMethodHandle$Holder.invokeVirtual(java.lang.Object, java.lang.Object, long)'> (0x0000000711748f00) 
thrown [s\open\src\hotspot\share\interpreter\linkResolver.cpp, line 759]
Event: 1.541 Thread 0x00000000033319d0 Exception <a 'java/lang/NoSuchMethodError'{0x000000070722e8a0}: 'int java.lang.invoke.DirectMethodHandle$Holder.invokeStaticInit(java.lang.Object, java.lang.Object, java.lang.Object, java.lang.Object)'> (0x000000070722e8a0) 
thrown [s\open\src\hotspot\share\interpreter\linkResolver.cpp, line 759]
Event: 1.562 Thread 0x00000000033319d0 Exception <a 'java/lang/NoSuchMethodError'{0x00000007073e4fb8}: 'java.lang.Object java.lang.invoke.DirectMethodHandle$Holder.newInvokeSpecial(java.lang.Object, java.lang.Object, int, java.lang.Object, java.lang.Object)'> (0x00000007073e4fb8) 
thrown [s\open\src\hotspot\share\interpreter\linkResolver.cpp, line 759]
Event: 1.563 Thread 0x00000000033319d0 Exception <a 'java/lang/NoSuchMethodError'{0x00000007073f0630}: 'java.lang.Object java.lang.invoke.DirectMethodHandle$Holder.invokeSpecial(java.lang.Object, java.lang.Object, int, java.lang.Object, int, java.lang.Object)'> (0x00000007073f0630) 
thrown [s\open\src\hotspot\share\interpreter\linkResolver.cpp, line 759]
Event: 1.563 Thread 0x00000000033319d0 Exception <a 'java/lang/NoSuchMethodError'{0x00000007073f8438}: 'java.lang.Object java.lang.invoke.DirectMethodHandle$Holder.newInvokeSpecial(java.lang.Object, java.lang.Object, int, java.lang.Object, int)'> (0x00000007073f8438) 
thrown [s\open\src\hotspot\share\interpreter\linkResolver.cpp, line 759]
Event: 1.563 Thread 0x00000000033319d0 Exception <a 'java/lang/NoSuchMethodError'{0x00000007073fc538}: 'java.lang.Object java.lang.invoke.DirectMethodHandle$Holder.invokeSpecial(java.lang.Object, java.lang.Object, java.lang.Object, int, java.lang.Object, int)'> (0x00000007073fc538) 
thrown [s\open\src\hotspot\share\interpreter\linkResolver.cpp, line 759]

VM Operations (20 events):
Event: 1.363 Executing VM operation: HandshakeAllThreads
Event: 1.363 Executing VM operation: HandshakeAllThreads done
Event: 1.363 Executing VM operation: HandshakeAllThreads
Event: 1.363 Executing VM operation: HandshakeAllThreads done
Event: 1.381 Executing VM operation: HandshakeAllThreads
Event: 1.381 Executing VM operation: HandshakeAllThreads done
Event: 1.428 Executing VM operation: HandshakeAllThreads
Event: 1.428 Executing VM operation: HandshakeAllThreads done
Event: 1.432 Executing VM operation: HandshakeAllThreads
Event: 1.432 Executing VM operation: HandshakeAllThreads done
Event: 1.445 Executing VM operation: HandshakeAllThreads
Event: 1.445 Executing VM operation: HandshakeAllThreads done
Event: 1.450 Executing VM operation: HandshakeAllThreads
Event: 1.450 Executing VM operation: HandshakeAllThreads done
Event: 1.452 Executing VM operation: G1CollectForAllocation
Event: 1.456 Executing VM operation: G1CollectForAllocation done
Event: 1.481 Executing VM operation: G1CollectForAllocation
Event: 1.483 Executing VM operation: G1CollectForAllocation done
Event: 1.524 Executing VM operation: HandshakeAllThreads
Event: 1.524 Executing VM operation: HandshakeAllThreads done

Events (20 events):
Event: 1.578 loading class sun/nio/ch/UnixDomainSockets
Event: 1.578 loading class sun/nio/ch/UnixDomainSockets done
Event: 1.578 loading class sun/nio/ch/UnixDomainSocketsUtil
Event: 1.578 loading class sun/nio/ch/UnixDomainSocketsUtil done
Event: 1.604 loading class sun/nio/ch/SocketChannelImpl
Event: 1.605 loading class sun/nio/ch/SocketChannelImpl done
Event: 1.605 loading class java/nio/channels/spi/AbstractInterruptibleChannel$1
Event: 1.605 loading class sun/nio/ch/Interruptible
Event: 1.605 loading class sun/nio/ch/Interruptible done
Event: 1.605 loading class java/nio/channels/spi/AbstractInterruptibleChannel$1 done
Event: 1.605 loading class java/nio/BufferMismatch
Event: 1.605 loading class java/nio/BufferMismatch done
Event: 1.605 loading class sun/nio/ch/SourceChannelImpl
Event: 1.605 loading class java/nio/channels/Pipe$SourceChannel
Event: 1.605 loading class java/nio/channels/Pipe$SourceChannel done
Event: 1.605 loading class sun/nio/ch/SourceChannelImpl done
Event: 1.606 loading class sun/nio/ch/SinkChannelImpl
Event: 1.606 loading class java/nio/channels/Pipe$SinkChannel
Event: 1.606 loading class java/nio/channels/Pipe$SinkChannel done
Event: 1.606 loading class sun/nio/ch/SinkChannelImpl done


Dynamic libraries:
0x0000000140000000 - 0x00000001401dd000 	C:\Program Files\Java\jdk-17\bin\java.exe
0x00007ffbb49a0000 - 0x00007ffbb4c05000 	C:\WINDOWS\SYSTEM32\ntdll.dll
0x00007ffbb37c0000 - 0x00007ffbb3889000 	C:\WINDOWS\System32\KERNEL32.DLL
0x00007ffbb1e80000 - 0x00007ffbb2268000 	C:\WINDOWS\System32\KERNELBASE.dll
0x00007ffbb23b0000 - 0x00007ffbb24fb000 	C:\WINDOWS\System32\ucrtbase.dll
0x00007ffb85fb0000 - 0x00007ffb85fc9000 	C:\Program Files\Java\jdk-17\bin\jli.dll
0x00007ffbb48a0000 - 0x00007ffbb4953000 	C:\WINDOWS\System32\ADVAPI32.dll
0x00007ffbb39b0000 - 0x00007ffbb3a59000 	C:\WINDOWS\System32\msvcrt.dll
0x00007ffbb2740000 - 0x00007ffbb27e6000 	C:\WINDOWS\System32\sechost.dll
0x00007ffbb3890000 - 0x00007ffbb39a5000 	C:\WINDOWS\System32\RPCRT4.dll
0x00007ffbb30b0000 - 0x00007ffbb327a000 	C:\WINDOWS\System32\USER32.dll
0x00007ffbb1af0000 - 0x00007ffbb1b17000 	C:\WINDOWS\System32\win32u.dll
0x00007ffbb47f0000 - 0x00007ffbb481b000 	C:\WINDOWS\System32\GDI32.dll
0x00007ffbb2270000 - 0x00007ffbb23a7000 	C:\WINDOWS\System32\gdi32full.dll
0x00007ffb9f840000 - 0x00007ffb9fada000 	C:\WINDOWS\WinSxS\amd64_microsoft.windows.common-controls_6595b64144ccf1df_6.0.26100.4202_none_3e0698d4e335f517\COMCTL32.dll
0x00007ffbb1dd0000 - 0x00007ffbb1e73000 	C:\WINDOWS\System32\msvcp_win.dll
0x00007ffb9f0b0000 - 0x00007ffb9f0bb000 	C:\WINDOWS\SYSTEM32\VERSION.dll
0x00007ffb85b40000 - 0x00007ffb85b5b000 	C:\Program Files\Java\jdk-17\bin\VCRUNTIME140.dll
0x00007ffbb3ec0000 - 0x00007ffbb3ef0000 	C:\WINDOWS\System32\IMM32.DLL
0x00007ffbabb50000 - 0x00007ffbabc6e000 	C:\WINDOWS\SYSTEM32\WINHTTP.dll
0x00007ffbb25c0000 - 0x00007ffbb2737000 	C:\WINDOWS\System32\CRYPT32.dll
0x00007ffbab6e0000 - 0x00007ffbab701000 	C:\WINDOWS\SYSTEM32\MPR.dll
0x00007ffbac2d0000 - 0x00007ffbac2dd000 	C:\WINDOWS\SYSTEM32\Secur32.dll
0x00007ffbb0c70000 - 0x00007ffbb0cb9000 	C:\WINDOWS\SYSTEM32\SSPICLI.DLL
0x00007ffbb3290000 - 0x00007ffbb32fa000 	C:\WINDOWS\System32\SHLWAPI.dll
0x00007ffbb02e0000 - 0x00007ffbb0407000 	C:\WINDOWS\SYSTEM32\DNSAPI.dll
0x00007ffbb02a0000 - 0x00007ffbb02d3000 	C:\WINDOWS\SYSTEM32\IPHLPAPI.DLL
0x00007ffbb2f00000 - 0x00007ffbb2f0a000 	C:\WINDOWS\System32\NSI.dll
0x00007ffbb0af0000 - 0x00007ffbb0b26000 	C:\WINDOWS\SYSTEM32\ntmarta.dll
0x00007ffb9a300000 - 0x00007ffb9a30c000 	C:\Program Files\Java\jdk-17\bin\vcruntime140_1.dll
0x00007ffb76460000 - 0x00007ffb764ee000 	C:\Program Files\Java\jdk-17\bin\msvcp140.dll
0x00007ffb41a40000 - 0x00007ffb42620000 	C:\Program Files\Java\jdk-17\bin\server\jvm.dll
0x00007ffbb3280000 - 0x00007ffbb3288000 	C:\WINDOWS\System32\PSAPI.DLL
0x00007ffb84c80000 - 0x00007ffb84c8a000 	C:\WINDOWS\SYSTEM32\WSOCK32.dll
0x00007ffba8b70000 - 0x00007ffba8ba5000 	C:\WINDOWS\SYSTEM32\WINMM.dll
0x00007ffbb4000000 - 0x00007ffbb4074000 	C:\WINDOWS\System32\WS2_32.dll
0x00007ffbb09d0000 - 0x00007ffbb09eb000 	C:\WINDOWS\SYSTEM32\kernel.appcore.dll
0x00007ffb85b30000 - 0x00007ffb85b3a000 	C:\Program Files\Java\jdk-17\bin\jimage.dll
0x00007ffbaf380000 - 0x00007ffbaf5c1000 	C:\WINDOWS\SYSTEM32\DBGHELP.DLL
0x00007ffbb2b10000 - 0x00007ffbb2e95000 	C:\WINDOWS\System32\combase.dll
0x00007ffbb2fc0000 - 0x00007ffbb30a1000 	C:\WINDOWS\System32\OLEAUT32.dll
0x00007ffb80e70000 - 0x00007ffb80ea9000 	C:\WINDOWS\SYSTEM32\dbgcore.DLL
0x00007ffbb1b20000 - 0x00007ffbb1bb9000 	C:\WINDOWS\System32\bcryptPrimitives.dll
0x00007ffb858c0000 - 0x00007ffb858e5000 	C:\Program Files\Java\jdk-17\bin\java.dll
0x00007ffb50e40000 - 0x00007ffb50f17000 	C:\Program Files\Java\jdk-17\bin\jsvml.dll
0x00007ffbb40a0000 - 0x00007ffbb47e2000 	C:\WINDOWS\System32\SHELL32.dll
0x00007ffbb1bc0000 - 0x00007ffbb1d34000 	C:\WINDOWS\System32\wintypes.dll
0x00007ffbaf7b0000 - 0x00007ffbb0008000 	C:\WINDOWS\SYSTEM32\windows.storage.dll
0x00007ffbb3f00000 - 0x00007ffbb3ff1000 	C:\WINDOWS\System32\SHCORE.dll
0x00007ffbb1a00000 - 0x00007ffbb1a2f000 	C:\WINDOWS\SYSTEM32\profapi.dll
0x00007ffb79af0000 - 0x00007ffb79b09000 	C:\Program Files\Java\jdk-17\bin\net.dll
0x0000000180000000 - 0x000000018008c000 	C:\WINDOWS\system32\ASProxy64.dll
0x00007ffbb2960000 - 0x00007ffbb2afe000 	C:\WINDOWS\System32\ole32.dll
0x00007ffbb0f40000 - 0x00007ffbb0faa000 	C:\WINDOWS\SYSTEM32\MSWSOCK.dll
0x00007ffb76440000 - 0x00007ffb76456000 	C:\Program Files\Java\jdk-17\bin\nio.dll
0x00007ffb76420000 - 0x00007ffb76438000 	C:\Program Files\Java\jdk-17\bin\zip.dll
0x00007ffbae7c0000 - 0x00007ffbae86f000 	C:\WINDOWS\system32\uxtheme.dll
0x00007ffb79ae0000 - 0x00007ffb79aee000 	C:\Program Files\Java\jdk-17\bin\sunmscapi.dll
0x00007ffbb1390000 - 0x00007ffbb13c0000 	C:\WINDOWS\SYSTEM32\ncrypt.dll
0x00007ffbb1340000 - 0x00007ffbb137f000 	C:\WINDOWS\SYSTEM32\NTASN1.dll
0x00007ffbb11f0000 - 0x00007ffbb120b000 	C:\WINDOWS\SYSTEM32\CRYPTSP.dll
0x00007ffbb0930000 - 0x00007ffbb096a000 	C:\WINDOWS\system32\rsaenh.dll
0x00007ffbb0fe0000 - 0x00007ffbb100b000 	C:\WINDOWS\SYSTEM32\USERENV.dll
0x00007ffbb19d0000 - 0x00007ffbb19f6000 	C:\WINDOWS\SYSTEM32\bcrypt.dll
0x00007ffbb1210000 - 0x00007ffbb121c000 	C:\WINDOWS\SYSTEM32\CRYPTBASE.dll
0x00007ffbaa5d0000 - 0x00007ffbaa5ef000 	C:\WINDOWS\SYSTEM32\dhcpcsvc6.DLL
0x00007ffbaa550000 - 0x00007ffbaa575000 	C:\WINDOWS\SYSTEM32\dhcpcsvc.DLL
0x00007ffb76410000 - 0x00007ffb7641a000 	C:\Program Files\Java\jdk-17\bin\management.dll
0x00007ffb76400000 - 0x00007ffb7640b000 	C:\Program Files\Java\jdk-17\bin\management_ext.dll
0x00007ffba8470000 - 0x00007ffba8478000 	C:\WINDOWS\system32\wshunix.dll

dbghelp: loaded successfully - version: 4.0.5 - missing functions: none
symbol engine: initialized successfully - sym options: 0x614 - pdb path: .;C:\Program Files\Java\jdk-17\bin;C:\WINDOWS\SYSTEM32;C:\WINDOWS\WinSxS\amd64_microsoft.windows.common-controls_6595b64144ccf1df_6.0.26100.4202_none_3e0698d4e335f517;C:\Program Files\Java\jdk-17\bin\server

VM Arguments:
jvm_args: -XX:+ShowCodeDetailsInExceptionMessages 
java_command: com.example.restservice.RestServiceApplication
java_class_path (initial): D:\Project\Odoo_dev\odoo\addons\dgii_invoicing\xml_signer\target\classes;C:\Users\Springer\.m2\repository\org\springframework\boot\spring-boot-starter-web\3.3.0\spring-boot-starter-web-3.3.0.jar;C:\Users\Springer\.m2\repository\org\springframework\boot\spring-boot-starter\3.3.0\spring-boot-starter-3.3.0.jar;C:\Users\Springer\.m2\repository\org\springframework\boot\spring-boot\3.3.0\spring-boot-3.3.0.jar;C:\Users\Springer\.m2\repository\org\springframework\boot\spring-boot-autoconfigure\3.3.0\spring-boot-autoconfigure-3.3.0.jar;C:\Users\Springer\.m2\repository\org\springframework\boot\spring-boot-starter-logging\3.3.0\spring-boot-starter-logging-3.3.0.jar;C:\Users\Springer\.m2\repository\ch\qos\logback\logback-classic\1.5.6\logback-classic-1.5.6.jar;C:\Users\Springer\.m2\repository\ch\qos\logback\logback-core\1.5.6\logback-core-1.5.6.jar;C:\Users\Springer\.m2\repository\org\apache\logging\log4j\log4j-to-slf4j\2.23.1\log4j-to-slf4j-2.23.1.jar;C:\Users\Springer\.m2\repository\org\apache\logging\log4j\log4j-api\2.23.1\log4j-api-2.23.1.jar;C:\Users\Springer\.m2\repository\org\slf4j\jul-to-slf4j\2.0.13\jul-to-slf4j-2.0.13.jar;C:\Users\Springer\.m2\repository\jakarta\annotation\jakarta.annotation-api\2.1.1\jakarta.annotation-api-2.1.1.jar;C:\Users\Springer\.m2\repository\org\yaml\snakeyaml\2.2\snakeyaml-2.2.jar;C:\Users\Springer\.m2\repository\org\springframework\boot\spring-boot-starter-json\3.3.0\spring-boot-starter-json-3.3.0.jar;C:\Users\Springer\.m2\repository\com\fasterxml\jackson\core\jackson-databind\2.17.1\jackson-databind-2.17.1.jar;C:\Users\Springer\.m2\repository\com\fasterxml\jackson\core\jackson-annotations\2.17.1\jackson-annotations-2.17.1.jar;C:\Users\Springer\.m2\repository\com\fasterxml\jackson\core\jackson-core\2.17.1\jackson-core-2.17.1.jar;C:\Users\Springer\.m2\repository\com\fasterxml\jackson\datatype\jackson-datatype-jdk8\2.17.1\jackson-datatype-jdk8-2.17.1.jar;C:\Users\Springer\.m2\repository\com\fasterxml\jackson\dataty
Launcher Type: SUN_STANDARD

[Global flags]
     intx CICompilerCount                          = 4                                         {product} {ergonomic}
     uint ConcGCThreads                            = 3                                         {product} {ergonomic}
     uint G1ConcRefinementThreads                  = 10                                        {product} {ergonomic}
   size_t G1HeapRegionSize                         = 2097152                                   {product} {ergonomic}
    uintx GCDrainStackTargetSize                   = 64                                        {product} {ergonomic}
   size_t InitialHeapSize                          = 264241152                                 {product} {ergonomic}
   size_t MarkStackSize                            = 4194304                                   {product} {ergonomic}
   size_t MaxHeapSize                              = 4215275520                                {product} {ergonomic}
   size_t MaxNewSize                               = 2529165312                                {product} {ergonomic}
   size_t MinHeapDeltaBytes                        = 2097152                                   {product} {ergonomic}
   size_t MinHeapSize                              = 8388608                                   {product} {ergonomic}
    uintx NonNMethodCodeHeapSize                   = 5839372                                {pd product} {ergonomic}
    uintx NonProfiledCodeHeapSize                  = 122909434                              {pd product} {ergonomic}
    uintx ProfiledCodeHeapSize                     = 122909434                              {pd product} {ergonomic}
    uintx ReservedCodeCacheSize                    = 251658240                              {pd product} {ergonomic}
     bool SegmentedCodeCache                       = true                                      {product} {ergonomic}
     bool ShowCodeDetailsInExceptionMessages       = true                                   {manageable} {command line}
   size_t SoftMaxHeapSize                          = 4215275520                             {manageable} {ergonomic}
     bool UseCompressedClassPointers               = true                           {product lp64_product} {ergonomic}
     bool UseCompressedOops                        = true                           {product lp64_product} {ergonomic}
     bool UseG1GC                                  = true                                      {product} {ergonomic}
     bool UseLargePagesIndividualAllocation        = false                                  {pd product} {ergonomic}

Logging:
Log output configuration:
 #0: stdout all=warning uptime,level,tags
 #1: stderr all=off uptime,level,tags

Environment Variables:
JAVA_HOME=C:\Program Files\Java\jdk-17
PATH=C:\Program Files (x86)\VMware\VMware Workstation\bin\;C:\Program Files\Common Files\Oracle\Java\javapath;C:\Users\Springer\AppData\Local\Programs\Python\Python310;C:\Users\Springer\AppData\Local\Programs\Python\Python310\Scripts;C:\WINDOWS\system32;C:\WINDOWS;C:\WINDOWS\System32\Wbem;C:\WINDOWS\System32\WindowsPowerShell\v1.0\;C:\WINDOWS\System32\OpenSSH\;C:\Users\Springer\AppData\Local\Programs\Python\Python313;C:\Users\Springer\AppData\Local\Programs\Python\Python313\Scripts;C:\Program Files\Git\cmd;C:\Program Files\PuTTY\;C:\Program Files\wkhtmltopdf\bin;C:\Users\Springer\AppData\Local\Programs\Python\Launcher\;C:\Users\Springer\AppData\Local\Microsoft\WindowsApps;C:\Users\Springer\AppData\Local\Programs\Microsoft VS Code\bin;;c:\Users\Springer\.vscode\extensions\ms-python.debugpy-2025.10.0-win32-x64\bundled\scripts\noConfigScripts
USERNAME=Springer
LANG=en_US.UTF-8
OS=Windows_NT
PROCESSOR_IDENTIFIER=Intel64 Family 6 Model 151 Stepping 5, GenuineIntel



---------------  S Y S T E M  ---------------

OS:
 Windows 11 , 64 bit Build 26100 (10.0.26100.4202)
OS uptime: 1 days 0:22 hours

CPU: total 12 (initial active 12) (6 cores per cpu, 2 threads per core) family 6 model 151 stepping 5 microcode 0x26, cx8, cmov, fxsr, ht, mmx, 3dnowpref, sse, sse2, sse3, ssse3, sse4.1, sse4.2, popcnt, lzcnt, tsc, tscinvbit, avx, avx2, aes, erms, clmul, bmi1, bmi2, adx, sha, fma, vzeroupper, clflush, clflushopt, clwb

Memory: 4k page, system-wide physical 16072M (2085M free)
TotalPageFile size 25288M (AvailPageFile size 7167M)
current process WorkingSet (physical memory assigned to process): 182M, peak: 190M
current process commit charge ("private bytes"): 229M, peak: 417M

vm_info: Java HotSpot(TM) 64-Bit Server VM (17.0.12+8-LTS-286) for windows-amd64 JRE (17.0.12+8-LTS-286), built on Jun  5 2024 06:46:59 by "mach5one" with MS VC++ 17.6 (VS2022)

END.
